[ INFO ] [2019-04-12 11:34:37] org.springframework.context.annotation.AnnotationConfigApplicationContext [582] - Refreshing org.springframework.context.annotation.AnnotationConfigApplicationContext@158d2680: startup date [Fri Apr 12 11:34:37 CST 2019]; root of context hierarchy
[ INFO ] [2019-04-12 11:34:37] org.springframework.beans.factory.annotation.AutowiredAnnotationBeanPostProcessor [155] - JSR-330 'javax.inject.Inject' annotation found and supported for autowiring
[ INFO ] [2019-04-12 11:34:37] org.hibernate.validator.internal.util.Version [30] - HV000001: Hibernate Validator 5.3.4.Final
[ INFO ] [2019-04-12 11:34:37] org.springframework.context.support.PostProcessorRegistrationDelegate$BeanPostProcessorChecker [325] - Bean 'configurationPropertiesRebinderAutoConfiguration' of type [org.springframework.cloud.autoconfigure.ConfigurationPropertiesRebinderAutoConfiguration$$EnhancerBySpringCGLIB$$5e6de61b] is not eligible for getting processed by all BeanPostProcessors (for example: not eligible for auto-proxying)
[ INFO ] [2019-04-12 11:34:38] com.iiit.train.springcloud.Application [637] - No active profile set, falling back to default profiles: default
[ INFO ] [2019-04-12 11:34:38] org.springframework.boot.context.embedded.AnnotationConfigEmbeddedWebApplicationContext [582] - Refreshing org.springframework.boot.context.embedded.AnnotationConfigEmbeddedWebApplicationContext@50468873: startup date [Fri Apr 12 11:34:38 CST 2019]; parent: org.springframework.context.annotation.AnnotationConfigApplicationContext@158d2680
[ INFO ] [2019-04-12 11:34:40] org.springframework.cloud.context.scope.GenericScope [263] - BeanFactory id=ba520bd7-ad7b-3321-8af8-838d940adf1a
[ INFO ] [2019-04-12 11:34:40] org.springframework.beans.factory.annotation.AutowiredAnnotationBeanPostProcessor [155] - JSR-330 'javax.inject.Inject' annotation found and supported for autowiring
[ INFO ] [2019-04-12 11:34:40] org.springframework.context.support.PostProcessorRegistrationDelegate$BeanPostProcessorChecker [325] - Bean 'org.springframework.cloud.netflix.metrics.MetricsInterceptorConfiguration$MetricsRestTemplateConfiguration' of type [org.springframework.cloud.netflix.metrics.MetricsInterceptorConfiguration$MetricsRestTemplateConfiguration$$EnhancerBySpringCGLIB$$7480895f] is not eligible for getting processed by all BeanPostProcessors (for example: not eligible for auto-proxying)
[ INFO ] [2019-04-12 11:34:40] org.springframework.context.support.PostProcessorRegistrationDelegate$BeanPostProcessorChecker [325] - Bean 'org.springframework.cloud.autoconfigure.ConfigurationPropertiesRebinderAutoConfiguration' of type [org.springframework.cloud.autoconfigure.ConfigurationPropertiesRebinderAutoConfiguration$$EnhancerBySpringCGLIB$$5e6de61b] is not eligible for getting processed by all BeanPostProcessors (for example: not eligible for auto-proxying)
[ INFO ] [2019-04-12 11:34:41] org.springframework.boot.context.embedded.tomcat.TomcatEmbeddedServletContainer [89] - Tomcat initialized with port(s): 8260 (http)
[ INFO ] [2019-04-12 11:34:41] org.apache.catalina.core.StandardService [179] - Starting service Tomcat
[ INFO ] [2019-04-12 11:34:41] org.apache.catalina.core.StandardEngine [179] - Starting Servlet Engine: Apache Tomcat/8.5.11
[ INFO ] [2019-04-12 11:34:41] org.apache.catalina.core.ContainerBase.[Tomcat].[localhost].[/] [179] - Initializing Spring embedded WebApplicationContext
[ INFO ] [2019-04-12 11:34:41] org.springframework.web.context.ContextLoader [276] - Root WebApplicationContext: initialization completed in 2531 ms
[ INFO ] [2019-04-12 11:34:42] org.springframework.boot.web.servlet.FilterRegistrationBean [258] - Mapping filter: 'metricsFilter' to: [/*]
[ INFO ] [2019-04-12 11:34:42] org.springframework.boot.web.servlet.FilterRegistrationBean [258] - Mapping filter: 'characterEncodingFilter' to: [/*]
[ INFO ] [2019-04-12 11:34:42] org.springframework.boot.web.servlet.FilterRegistrationBean [258] - Mapping filter: 'hiddenHttpMethodFilter' to: [/*]
[ INFO ] [2019-04-12 11:34:42] org.springframework.boot.web.servlet.FilterRegistrationBean [258] - Mapping filter: 'httpPutFormContentFilter' to: [/*]
[ INFO ] [2019-04-12 11:34:42] org.springframework.boot.web.servlet.FilterRegistrationBean [258] - Mapping filter: 'requestContextFilter' to: [/*]
[ INFO ] [2019-04-12 11:34:42] org.springframework.boot.web.servlet.FilterRegistrationBean [258] - Mapping filter: 'webRequestTraceFilter' to: [/*]
[ INFO ] [2019-04-12 11:34:42] org.springframework.boot.web.servlet.FilterRegistrationBean [271] - Mapping filter: 'servletContainer' to urls: [/eureka/*]
[ INFO ] [2019-04-12 11:34:42] org.springframework.boot.web.servlet.FilterRegistrationBean [258] - Mapping filter: 'applicationContextIdFilter' to: [/*]
[ INFO ] [2019-04-12 11:34:42] org.springframework.boot.web.servlet.ServletRegistrationBean [190] - Mapping servlet: 'dispatcherServlet' to [/]
[ INFO ] [2019-04-12 11:34:42] com.sun.jersey.server.impl.application.WebApplicationImpl [815] - Initiating Jersey application, version 'Jersey: 1.19.1 03/11/2016 02:08 PM'
[ INFO ] [2019-04-12 11:34:42] com.netflix.discovery.provider.DiscoveryJerseyProvider [70] - Using JSON encoding codec LegacyJacksonJson
[ INFO ] [2019-04-12 11:34:42] com.netflix.discovery.provider.DiscoveryJerseyProvider [71] - Using JSON decoding codec LegacyJacksonJson
[ INFO ] [2019-04-12 11:34:42] com.netflix.discovery.provider.DiscoveryJerseyProvider [80] - Using XML encoding codec XStreamXml
[ INFO ] [2019-04-12 11:34:42] com.netflix.discovery.provider.DiscoveryJerseyProvider [81] - Using XML decoding codec XStreamXml
[ WARN ] [2019-04-12 11:34:44] org.springframework.cloud.netflix.archaius.ArchaiusAutoConfiguration [147] - No spring.application.name found, defaulting to 'application'
[ WARN ] [2019-04-12 11:34:44] com.netflix.config.sources.URLConfigurationSource [121] - No URLs will be polled as dynamic configuration sources.
[ INFO ] [2019-04-12 11:34:44] com.netflix.config.sources.URLConfigurationSource [122] - To enable URLs as dynamic configuration sources, define System property archaius.configurationSource.additionalUrls or make config.properties available on classpath.
[ WARN ] [2019-04-12 11:34:44] com.netflix.config.sources.URLConfigurationSource [121] - No URLs will be polled as dynamic configuration sources.
[ INFO ] [2019-04-12 11:34:44] com.netflix.config.sources.URLConfigurationSource [122] - To enable URLs as dynamic configuration sources, define System property archaius.configurationSource.additionalUrls or make config.properties available on classpath.
[ INFO ] [2019-04-12 11:34:44] org.springframework.web.servlet.mvc.method.annotation.RequestMappingHandlerAdapter [534] - Looking for @ControllerAdvice: org.springframework.boot.context.embedded.AnnotationConfigEmbeddedWebApplicationContext@50468873: startup date [Fri Apr 12 11:34:38 CST 2019]; parent: org.springframework.context.annotation.AnnotationConfigApplicationContext@158d2680
[ INFO ] [2019-04-12 11:34:44] org.springframework.web.servlet.mvc.method.annotation.RequestMappingHandlerMapping [543] - Mapped "{[/error]}" onto public org.springframework.http.ResponseEntity<java.util.Map<java.lang.String, java.lang.Object>> org.springframework.boot.autoconfigure.web.BasicErrorController.error(javax.servlet.http.HttpServletRequest)
[ INFO ] [2019-04-12 11:34:44] org.springframework.web.servlet.mvc.method.annotation.RequestMappingHandlerMapping [543] - Mapped "{[/error],produces=[text/html]}" onto public org.springframework.web.servlet.ModelAndView org.springframework.boot.autoconfigure.web.BasicErrorController.errorHtml(javax.servlet.http.HttpServletRequest,javax.servlet.http.HttpServletResponse)
[ INFO ] [2019-04-12 11:34:44] org.springframework.web.servlet.mvc.method.annotation.RequestMappingHandlerMapping [543] - Mapped "{[/],methods=[GET]}" onto public java.lang.String org.springframework.cloud.netflix.eureka.server.EurekaController.status(javax.servlet.http.HttpServletRequest,java.util.Map<java.lang.String, java.lang.Object>)
[ INFO ] [2019-04-12 11:34:44] org.springframework.web.servlet.mvc.method.annotation.RequestMappingHandlerMapping [543] - Mapped "{[/lastn],methods=[GET]}" onto public java.lang.String org.springframework.cloud.netflix.eureka.server.EurekaController.lastn(javax.servlet.http.HttpServletRequest,java.util.Map<java.lang.String, java.lang.Object>)
[ INFO ] [2019-04-12 11:34:44] org.springframework.web.servlet.handler.SimpleUrlHandlerMapping [362] - Mapped URL path [/webjars/**] onto handler of type [class org.springframework.web.servlet.resource.ResourceHttpRequestHandler]
[ INFO ] [2019-04-12 11:34:44] org.springframework.web.servlet.handler.SimpleUrlHandlerMapping [362] - Mapped URL path [/**] onto handler of type [class org.springframework.web.servlet.resource.ResourceHttpRequestHandler]
[ INFO ] [2019-04-12 11:34:44] org.springframework.web.servlet.handler.SimpleUrlHandlerMapping [362] - Mapped URL path [/**/favicon.ico] onto handler of type [class org.springframework.web.servlet.resource.ResourceHttpRequestHandler]
[ INFO ] [2019-04-12 11:34:45] org.springframework.boot.actuate.endpoint.mvc.EndpointHandlerMapping [543] - Mapped "{[/env/{name:.*}],methods=[GET],produces=[application/vnd.spring-boot.actuator.v1+json || application/json]}" onto public java.lang.Object org.springframework.boot.actuate.endpoint.mvc.EnvironmentMvcEndpoint.value(java.lang.String)
[ INFO ] [2019-04-12 11:34:45] org.springframework.boot.actuate.endpoint.mvc.EndpointHandlerMapping [543] - Mapped "{[/env || /env.json],methods=[GET],produces=[application/vnd.spring-boot.actuator.v1+json || application/json]}" onto public java.lang.Object org.springframework.boot.actuate.endpoint.mvc.EndpointMvcAdapter.invoke()
[ INFO ] [2019-04-12 11:34:45] org.springframework.boot.actuate.endpoint.mvc.EndpointHandlerMapping [543] - Mapped "{[/autoconfig || /autoconfig.json],methods=[GET],produces=[application/vnd.spring-boot.actuator.v1+json || application/json]}" onto public java.lang.Object org.springframework.boot.actuate.endpoint.mvc.EndpointMvcAdapter.invoke()
[ INFO ] [2019-04-12 11:34:45] org.springframework.boot.actuate.endpoint.mvc.EndpointHandlerMapping [543] - Mapped "{[/auditevents || /auditevents.json],methods=[GET],produces=[application/vnd.spring-boot.actuator.v1+json || application/json]}" onto public org.springframework.http.ResponseEntity<?> org.springframework.boot.actuate.endpoint.mvc.AuditEventsMvcEndpoint.findByPrincipalAndAfterAndType(java.lang.String,java.util.Date,java.lang.String)
[ INFO ] [2019-04-12 11:34:45] org.springframework.boot.actuate.endpoint.mvc.EndpointHandlerMapping [543] - Mapped "{[/health || /health.json],methods=[GET],produces=[application/vnd.spring-boot.actuator.v1+json || application/json]}" onto public java.lang.Object org.springframework.boot.actuate.endpoint.mvc.HealthMvcEndpoint.invoke(javax.servlet.http.HttpServletRequest,java.security.Principal)
[ INFO ] [2019-04-12 11:34:45] org.springframework.boot.actuate.endpoint.mvc.EndpointHandlerMapping [543] - Mapped "{[/resume || /resume.json],methods=[POST]}" onto public java.lang.Object org.springframework.cloud.endpoint.GenericPostableMvcEndpoint.invoke()
[ INFO ] [2019-04-12 11:34:45] org.springframework.boot.actuate.endpoint.mvc.EndpointHandlerMapping [543] - Mapped "{[/heapdump || /heapdump.json],methods=[GET],produces=[application/octet-stream]}" onto public void org.springframework.boot.actuate.endpoint.mvc.HeapdumpMvcEndpoint.invoke(boolean,javax.servlet.http.HttpServletRequest,javax.servlet.http.HttpServletResponse) throws java.io.IOException,javax.servlet.ServletException
[ INFO ] [2019-04-12 11:34:45] org.springframework.boot.actuate.endpoint.mvc.EndpointHandlerMapping [543] - Mapped "{[/loggers/{name:.*}],methods=[GET],produces=[application/vnd.spring-boot.actuator.v1+json || application/json]}" onto public java.lang.Object org.springframework.boot.actuate.endpoint.mvc.LoggersMvcEndpoint.get(java.lang.String)
[ INFO ] [2019-04-12 11:34:45] org.springframework.boot.actuate.endpoint.mvc.EndpointHandlerMapping [543] - Mapped "{[/loggers/{name:.*}],methods=[POST],consumes=[application/vnd.spring-boot.actuator.v1+json || application/json],produces=[application/vnd.spring-boot.actuator.v1+json || application/json]}" onto public java.lang.Object org.springframework.boot.actuate.endpoint.mvc.LoggersMvcEndpoint.set(java.lang.String,java.util.Map<java.lang.String, java.lang.String>)
[ INFO ] [2019-04-12 11:34:45] org.springframework.boot.actuate.endpoint.mvc.EndpointHandlerMapping [543] - Mapped "{[/loggers || /loggers.json],methods=[GET],produces=[application/vnd.spring-boot.actuator.v1+json || application/json]}" onto public java.lang.Object org.springframework.boot.actuate.endpoint.mvc.EndpointMvcAdapter.invoke()
[ INFO ] [2019-04-12 11:34:45] org.springframework.boot.actuate.endpoint.mvc.EndpointHandlerMapping [543] - Mapped "{[/restart || /restart.json],methods=[POST]}" onto public java.lang.Object org.springframework.cloud.context.restart.RestartMvcEndpoint.invoke()
[ INFO ] [2019-04-12 11:34:45] org.springframework.boot.actuate.endpoint.mvc.EndpointHandlerMapping [543] - Mapped "{[/info || /info.json],methods=[GET],produces=[application/vnd.spring-boot.actuator.v1+json || application/json]}" onto public java.lang.Object org.springframework.boot.actuate.endpoint.mvc.EndpointMvcAdapter.invoke()
[ INFO ] [2019-04-12 11:34:45] org.springframework.boot.actuate.endpoint.mvc.EndpointHandlerMapping [543] - Mapped "{[/refresh || /refresh.json],methods=[POST]}" onto public java.lang.Object org.springframework.cloud.endpoint.GenericPostableMvcEndpoint.invoke()
[ INFO ] [2019-04-12 11:34:45] org.springframework.boot.actuate.endpoint.mvc.EndpointHandlerMapping [543] - Mapped "{[/configprops || /configprops.json],methods=[GET],produces=[application/vnd.spring-boot.actuator.v1+json || application/json]}" onto public java.lang.Object org.springframework.boot.actuate.endpoint.mvc.EndpointMvcAdapter.invoke()
[ INFO ] [2019-04-12 11:34:45] org.springframework.boot.actuate.endpoint.mvc.EndpointHandlerMapping [543] - Mapped "{[/features || /features.json],methods=[GET],produces=[application/vnd.spring-boot.actuator.v1+json || application/json]}" onto public java.lang.Object org.springframework.boot.actuate.endpoint.mvc.EndpointMvcAdapter.invoke()
[ INFO ] [2019-04-12 11:34:45] org.springframework.boot.actuate.endpoint.mvc.EndpointHandlerMapping [543] - Mapped "{[/metrics/{name:.*}],methods=[GET],produces=[application/vnd.spring-boot.actuator.v1+json || application/json]}" onto public java.lang.Object org.springframework.boot.actuate.endpoint.mvc.MetricsMvcEndpoint.value(java.lang.String)
[ INFO ] [2019-04-12 11:34:45] org.springframework.boot.actuate.endpoint.mvc.EndpointHandlerMapping [543] - Mapped "{[/metrics || /metrics.json],methods=[GET],produces=[application/vnd.spring-boot.actuator.v1+json || application/json]}" onto public java.lang.Object org.springframework.boot.actuate.endpoint.mvc.EndpointMvcAdapter.invoke()
[ INFO ] [2019-04-12 11:34:45] org.springframework.boot.actuate.endpoint.mvc.EndpointHandlerMapping [543] - Mapped "{[/env],methods=[POST]}" onto public java.lang.Object org.springframework.cloud.context.environment.EnvironmentManagerMvcEndpoint.value(java.util.Map<java.lang.String, java.lang.String>)
[ INFO ] [2019-04-12 11:34:45] org.springframework.boot.actuate.endpoint.mvc.EndpointHandlerMapping [543] - Mapped "{[/env/reset],methods=[POST]}" onto public java.util.Map<java.lang.String, java.lang.Object> org.springframework.cloud.context.environment.EnvironmentManagerMvcEndpoint.reset()
[ INFO ] [2019-04-12 11:34:45] org.springframework.boot.actuate.endpoint.mvc.EndpointHandlerMapping [543] - Mapped "{[/pause || /pause.json],methods=[POST]}" onto public java.lang.Object org.springframework.cloud.endpoint.GenericPostableMvcEndpoint.invoke()
[ INFO ] [2019-04-12 11:34:45] org.springframework.boot.actuate.endpoint.mvc.EndpointHandlerMapping [543] - Mapped "{[/archaius || /archaius.json],methods=[GET],produces=[application/vnd.spring-boot.actuator.v1+json || application/json]}" onto public java.lang.Object org.springframework.boot.actuate.endpoint.mvc.EndpointMvcAdapter.invoke()
[ INFO ] [2019-04-12 11:34:45] org.springframework.boot.actuate.endpoint.mvc.EndpointHandlerMapping [543] - Mapped "{[/beans || /beans.json],methods=[GET],produces=[application/vnd.spring-boot.actuator.v1+json || application/json]}" onto public java.lang.Object org.springframework.boot.actuate.endpoint.mvc.EndpointMvcAdapter.invoke()
[ INFO ] [2019-04-12 11:34:45] org.springframework.boot.actuate.endpoint.mvc.EndpointHandlerMapping [543] - Mapped "{[/service-registry/instance-status],methods=[GET]}" onto public org.springframework.http.ResponseEntity org.springframework.cloud.client.serviceregistry.endpoint.ServiceRegistryEndpoint.getStatus()
[ INFO ] [2019-04-12 11:34:45] org.springframework.boot.actuate.endpoint.mvc.EndpointHandlerMapping [543] - Mapped "{[/service-registry/instance-status],methods=[POST]}" onto public org.springframework.http.ResponseEntity<?> org.springframework.cloud.client.serviceregistry.endpoint.ServiceRegistryEndpoint.setStatus(java.lang.String)
[ INFO ] [2019-04-12 11:34:45] org.springframework.boot.actuate.endpoint.mvc.EndpointHandlerMapping [543] - Mapped "{[/trace || /trace.json],methods=[GET],produces=[application/vnd.spring-boot.actuator.v1+json || application/json]}" onto public java.lang.Object org.springframework.boot.actuate.endpoint.mvc.EndpointMvcAdapter.invoke()
[ INFO ] [2019-04-12 11:34:45] org.springframework.boot.actuate.endpoint.mvc.EndpointHandlerMapping [543] - Mapped "{[/dump || /dump.json],methods=[GET],produces=[application/vnd.spring-boot.actuator.v1+json || application/json]}" onto public java.lang.Object org.springframework.boot.actuate.endpoint.mvc.EndpointMvcAdapter.invoke()
[ INFO ] [2019-04-12 11:34:45] org.springframework.boot.actuate.endpoint.mvc.EndpointHandlerMapping [543] - Mapped "{[/mappings || /mappings.json],methods=[GET],produces=[application/vnd.spring-boot.actuator.v1+json || application/json]}" onto public java.lang.Object org.springframework.boot.actuate.endpoint.mvc.EndpointMvcAdapter.invoke()
[ INFO ] [2019-04-12 11:34:45] org.springframework.ui.freemarker.SpringTemplateLoader [61] - SpringTemplateLoader for FreeMarker: using resource loader [org.springframework.boot.context.embedded.AnnotationConfigEmbeddedWebApplicationContext@50468873: startup date [Fri Apr 12 11:34:38 CST 2019]; parent: org.springframework.context.annotation.AnnotationConfigApplicationContext@158d2680] and template loader path [classpath:/templates/]
[ INFO ] [2019-04-12 11:34:45] org.springframework.web.servlet.view.freemarker.FreeMarkerConfigurer [127] - ClassTemplateLoader for Spring macros added to FreeMarker configuration
[ INFO ] [2019-04-12 11:34:46] org.springframework.cloud.netflix.eureka.InstanceInfoFactory [70] - Setting initial instance status as: STARTING
[ INFO ] [2019-04-12 11:34:46] com.netflix.discovery.DiscoveryClient [344] - Initializing Eureka in region us-east-1
[ INFO ] [2019-04-12 11:34:46] com.netflix.discovery.DiscoveryClient [347] - Client configured to neither register nor query for data.
[ INFO ] [2019-04-12 11:34:46] com.netflix.discovery.DiscoveryClient [361] - Discovery Client initialized at timestamp 1555040086550 with initial instances count: 0
[ INFO ] [2019-04-12 11:34:46] com.netflix.eureka.DefaultEurekaServerContext [63] - Initializing ...
[ WARN ] [2019-04-12 11:34:46] com.netflix.eureka.cluster.PeerEurekaNodes [156] - The replica size seems to be empty. Check the route 53 DNS Registry
[ INFO ] [2019-04-12 11:34:46] com.netflix.eureka.registry.AbstractInstanceRegistry [152] - Finished initializing remote region registries. All known remote regions: []
[ INFO ] [2019-04-12 11:34:46] com.netflix.eureka.DefaultEurekaServerContext [66] - Initialized
[ INFO ] [2019-04-12 11:34:46] org.springframework.jmx.export.annotation.AnnotationMBeanExporter [431] - Registering beans for JMX exposure on startup
[ INFO ] [2019-04-12 11:34:46] org.springframework.jmx.export.annotation.AnnotationMBeanExporter [916] - Bean with name 'environmentManager' has been autodetected for JMX exposure
[ INFO ] [2019-04-12 11:34:46] org.springframework.jmx.export.annotation.AnnotationMBeanExporter [916] - Bean with name 'configurationPropertiesRebinder' has been autodetected for JMX exposure
[ INFO ] [2019-04-12 11:34:46] org.springframework.jmx.export.annotation.AnnotationMBeanExporter [916] - Bean with name 'refreshEndpoint' has been autodetected for JMX exposure
[ INFO ] [2019-04-12 11:34:46] org.springframework.jmx.export.annotation.AnnotationMBeanExporter [916] - Bean with name 'restartEndpoint' has been autodetected for JMX exposure
[ INFO ] [2019-04-12 11:34:46] org.springframework.jmx.export.annotation.AnnotationMBeanExporter [916] - Bean with name 'serviceRegistryEndpoint' has been autodetected for JMX exposure
[ INFO ] [2019-04-12 11:34:46] org.springframework.jmx.export.annotation.AnnotationMBeanExporter [916] - Bean with name 'refreshScope' has been autodetected for JMX exposure
[ INFO ] [2019-04-12 11:34:46] org.springframework.jmx.export.annotation.AnnotationMBeanExporter [678] - Located managed bean 'environmentManager': registering with JMX server as MBean [org.springframework.cloud.context.environment:name=environmentManager,type=EnvironmentManager]
[ INFO ] [2019-04-12 11:34:46] org.springframework.jmx.export.annotation.AnnotationMBeanExporter [678] - Located managed bean 'restartEndpoint': registering with JMX server as MBean [org.springframework.cloud.context.restart:name=restartEndpoint,type=RestartEndpoint]
[ INFO ] [2019-04-12 11:34:46] org.springframework.jmx.export.annotation.AnnotationMBeanExporter [678] - Located managed bean 'serviceRegistryEndpoint': registering with JMX server as MBean [org.springframework.cloud.client.serviceregistry.endpoint:name=serviceRegistryEndpoint,type=ServiceRegistryEndpoint]
[ INFO ] [2019-04-12 11:34:46] org.springframework.jmx.export.annotation.AnnotationMBeanExporter [678] - Located managed bean 'refreshScope': registering with JMX server as MBean [org.springframework.cloud.context.scope.refresh:name=refreshScope,type=RefreshScope]
[ INFO ] [2019-04-12 11:34:46] org.springframework.jmx.export.annotation.AnnotationMBeanExporter [678] - Located managed bean 'configurationPropertiesRebinder': registering with JMX server as MBean [org.springframework.cloud.context.properties:name=configurationPropertiesRebinder,context=50468873,type=ConfigurationPropertiesRebinder]
[ INFO ] [2019-04-12 11:34:46] org.springframework.jmx.export.annotation.AnnotationMBeanExporter [678] - Located managed bean 'refreshEndpoint': registering with JMX server as MBean [org.springframework.cloud.endpoint:name=refreshEndpoint,type=RefreshEndpoint]
[ INFO ] [2019-04-12 11:34:46] org.springframework.boot.actuate.endpoint.jmx.EndpointMBeanExporter [431] - Registering beans for JMX exposure on startup
[ INFO ] [2019-04-12 11:34:47] org.springframework.context.support.DefaultLifecycleProcessor [343] - Starting beans in phase 0
[ INFO ] [2019-04-12 11:34:47] org.springframework.cloud.netflix.eureka.serviceregistry.EurekaServiceRegistry [40] - Registering application unknown with eureka with status UP
[ INFO ] [2019-04-12 11:34:47] org.springframework.boot.actuate.endpoint.jmx.EndpointMBeanExporter [678] - Located managed bean 'auditEventsEndpoint': registering with JMX server as MBean [org.springframework.boot:type=Endpoint,name=auditEventsEndpoint]
[ INFO ] [2019-04-12 11:34:47] org.springframework.boot.actuate.endpoint.jmx.EndpointMBeanExporter [678] - Located managed bean 'archaiusEndpoint': registering with JMX server as MBean [org.springframework.boot:type=Endpoint,name=archaiusEndpoint]
[ INFO ] [2019-04-12 11:34:47] org.springframework.boot.actuate.endpoint.jmx.EndpointMBeanExporter [678] - Located managed bean 'featuresEndpoint': registering with JMX server as MBean [org.springframework.boot:type=Endpoint,name=featuresEndpoint]
[ INFO ] [2019-04-12 11:34:47] org.springframework.boot.actuate.endpoint.jmx.EndpointMBeanExporter [678] - Located managed bean 'requestMappingEndpoint': registering with JMX server as MBean [org.springframework.boot:type=Endpoint,name=requestMappingEndpoint]
[ INFO ] [2019-04-12 11:34:47] org.springframework.boot.actuate.endpoint.jmx.EndpointMBeanExporter [678] - Located managed bean 'environmentEndpoint': registering with JMX server as MBean [org.springframework.boot:type=Endpoint,name=environmentEndpoint]
[ INFO ] [2019-04-12 11:34:47] org.springframework.boot.actuate.endpoint.jmx.EndpointMBeanExporter [678] - Located managed bean 'healthEndpoint': registering with JMX server as MBean [org.springframework.boot:type=Endpoint,name=healthEndpoint]
[ INFO ] [2019-04-12 11:34:47] org.springframework.boot.actuate.endpoint.jmx.EndpointMBeanExporter [678] - Located managed bean 'beansEndpoint': registering with JMX server as MBean [org.springframework.boot:type=Endpoint,name=beansEndpoint]
[ INFO ] [2019-04-12 11:34:47] org.springframework.boot.actuate.endpoint.jmx.EndpointMBeanExporter [678] - Located managed bean 'infoEndpoint': registering with JMX server as MBean [org.springframework.boot:type=Endpoint,name=infoEndpoint]
[ INFO ] [2019-04-12 11:34:47] org.springframework.boot.actuate.endpoint.jmx.EndpointMBeanExporter [678] - Located managed bean 'loggersEndpoint': registering with JMX server as MBean [org.springframework.boot:type=Endpoint,name=loggersEndpoint]
[ INFO ] [2019-04-12 11:34:47] org.springframework.boot.actuate.endpoint.jmx.EndpointMBeanExporter [678] - Located managed bean 'metricsEndpoint': registering with JMX server as MBean [org.springframework.boot:type=Endpoint,name=metricsEndpoint]
[ INFO ] [2019-04-12 11:34:47] org.springframework.boot.actuate.endpoint.jmx.EndpointMBeanExporter [678] - Located managed bean 'traceEndpoint': registering with JMX server as MBean [org.springframework.boot:type=Endpoint,name=traceEndpoint]
[ INFO ] [2019-04-12 11:34:47] org.springframework.boot.actuate.endpoint.jmx.EndpointMBeanExporter [678] - Located managed bean 'dumpEndpoint': registering with JMX server as MBean [org.springframework.boot:type=Endpoint,name=dumpEndpoint]
[ INFO ] [2019-04-12 11:34:47] org.springframework.boot.actuate.endpoint.jmx.EndpointMBeanExporter [678] - Located managed bean 'autoConfigurationReportEndpoint': registering with JMX server as MBean [org.springframework.boot:type=Endpoint,name=autoConfigurationReportEndpoint]
[ INFO ] [2019-04-12 11:34:47] org.springframework.boot.actuate.endpoint.jmx.EndpointMBeanExporter [678] - Located managed bean 'configurationPropertiesReportEndpoint': registering with JMX server as MBean [org.springframework.boot:type=Endpoint,name=configurationPropertiesReportEndpoint]
[ INFO ] [2019-04-12 11:34:47] org.springframework.cloud.netflix.eureka.server.EurekaServerBootstrap [107] - Setting the eureka configuration..
[ INFO ] [2019-04-12 11:34:47] org.springframework.cloud.netflix.eureka.server.EurekaServerBootstrap [112] - Eureka data center value eureka.datacenter is not set, defaulting to default
[ INFO ] [2019-04-12 11:34:47] org.springframework.cloud.netflix.eureka.server.EurekaServerBootstrap [126] - Eureka environment value eureka.environment is not set, defaulting to test
[ INFO ] [2019-04-12 11:34:47] org.apache.coyote.http11.Http11NioProtocol [179] - Initializing ProtocolHandler ["http-nio-8260"]
[ INFO ] [2019-04-12 11:34:47] org.apache.coyote.http11.Http11NioProtocol [179] - Starting ProtocolHandler [http-nio-8260]
[ INFO ] [2019-04-12 11:34:47] org.springframework.cloud.netflix.eureka.server.EurekaServerBootstrap [182] - isAws returned false
[ INFO ] [2019-04-12 11:34:47] org.springframework.cloud.netflix.eureka.server.EurekaServerBootstrap [150] - Initialized server context
[ INFO ] [2019-04-12 11:34:47] com.netflix.eureka.registry.PeerAwareInstanceRegistryImpl [242] - Got 1 instances from neighboring DS node
[ INFO ] [2019-04-12 11:34:47] com.netflix.eureka.registry.PeerAwareInstanceRegistryImpl [243] - Renew threshold is: 1
[ INFO ] [2019-04-12 11:34:47] com.netflix.eureka.registry.PeerAwareInstanceRegistryImpl [254] - Changing status to UP
[ INFO ] [2019-04-12 11:34:47] org.apache.tomcat.util.net.NioSelectorPool [179] - Using a shared selector for servlet write/read
[ INFO ] [2019-04-12 11:34:47] org.springframework.cloud.netflix.eureka.server.EurekaServerInitializerConfiguration [71] - Started Eureka Server
[ INFO ] [2019-04-12 11:34:47] org.springframework.boot.context.embedded.tomcat.TomcatEmbeddedServletContainer [198] - Tomcat started on port(s): 8260 (http)
[ INFO ] [2019-04-12 11:34:47] org.springframework.cloud.netflix.eureka.serviceregistry.EurekaAutoServiceRegistration [117] - Updating port to 8260
[ INFO ] [2019-04-12 11:34:47] com.iiit.train.springcloud.Application [57] - Started Application in 11.178 seconds (JVM running for 12.074)
[ INFO ] [2019-04-12 11:35:16] org.apache.catalina.core.ContainerBase.[Tomcat].[localhost].[/] [179] - Initializing Spring FrameworkServlet 'dispatcherServlet'
[ INFO ] [2019-04-12 11:35:16] org.springframework.web.servlet.DispatcherServlet [489] - FrameworkServlet 'dispatcherServlet': initialization started
[ INFO ] [2019-04-12 11:35:16] org.springframework.web.servlet.DispatcherServlet [508] - FrameworkServlet 'dispatcherServlet': initialization completed in 88 ms
[ INFO ] [2019-04-12 11:35:17] com.netflix.eureka.registry.AbstractInstanceRegistry [267] - Registered instance USERSERVICE/reng-notes:userservice:2100 with status UP (replication=false)
[ INFO ] [2019-04-12 11:35:47] com.netflix.eureka.registry.AbstractInstanceRegistry [1254] - Running the evict task with compensationTime 0ms
[ INFO ] [2019-04-12 11:35:57] com.netflix.eureka.registry.AbstractInstanceRegistry [267] - Registered instance PRODUCTSERVICE/reng-notes:productservice:2200 with status UP (replication=false)
[ INFO ] [2019-04-12 11:36:24] com.netflix.eureka.registry.AbstractInstanceRegistry [267] - Registered instance TURBINE/reng-notes:TURBINE:8280 with status UP (replication=false)
[ INFO ] [2019-04-12 11:36:47] com.netflix.eureka.registry.AbstractInstanceRegistry [1254] - Running the evict task with compensationTime 0ms
[ INFO ] [2019-04-12 11:37:47] com.netflix.eureka.registry.AbstractInstanceRegistry [1254] - Running the evict task with compensationTime 0ms
[ INFO ] [2019-04-12 11:38:47] com.netflix.eureka.registry.AbstractInstanceRegistry [1254] - Running the evict task with compensationTime 0ms
[ INFO ] [2019-04-12 11:39:47] com.netflix.eureka.registry.AbstractInstanceRegistry [1254] - Running the evict task with compensationTime 0ms
[ INFO ] [2019-04-12 11:40:47] com.netflix.eureka.registry.AbstractInstanceRegistry [1254] - Running the evict task with compensationTime 0ms
[ INFO ] [2019-04-12 11:41:47] com.netflix.eureka.registry.AbstractInstanceRegistry [1254] - Running the evict task with compensationTime 0ms
[ INFO ] [2019-04-12 11:42:47] com.netflix.eureka.registry.AbstractInstanceRegistry [1254] - Running the evict task with compensationTime 0ms
[ INFO ] [2019-04-12 11:43:47] com.netflix.eureka.registry.AbstractInstanceRegistry [1254] - Running the evict task with compensationTime 0ms
[ WARN ] [2019-04-12 11:44:46] com.netflix.eureka.cluster.PeerEurekaNodes [156] - The replica size seems to be empty. Check the route 53 DNS Registry
[ INFO ] [2019-04-12 11:44:47] com.netflix.eureka.registry.AbstractInstanceRegistry [1254] - Running the evict task with compensationTime 0ms
[ INFO ] [2019-04-12 11:45:47] com.netflix.eureka.registry.AbstractInstanceRegistry [1254] - Running the evict task with compensationTime 0ms
[ INFO ] [2019-04-12 11:46:47] com.netflix.eureka.registry.AbstractInstanceRegistry [1254] - Running the evict task with compensationTime 0ms
[ INFO ] [2019-04-12 11:47:47] com.netflix.eureka.registry.AbstractInstanceRegistry [1254] - Running the evict task with compensationTime 0ms
[ INFO ] [2019-04-12 11:48:47] com.netflix.eureka.registry.AbstractInstanceRegistry [1254] - Running the evict task with compensationTime 0ms
[ INFO ] [2019-04-12 11:49:46] com.netflix.eureka.registry.PeerAwareInstanceRegistryImpl [541] - Current renewal threshold is : 6
[ INFO ] [2019-04-12 11:49:47] com.netflix.eureka.registry.AbstractInstanceRegistry [1254] - Running the evict task with compensationTime 0ms
[ INFO ] [2019-04-12 11:50:47] com.netflix.eureka.registry.AbstractInstanceRegistry [1254] - Running the evict task with compensationTime 0ms
[ INFO ] [2019-04-12 11:51:47] com.netflix.eureka.registry.AbstractInstanceRegistry [1254] - Running the evict task with compensationTime 0ms
[ INFO ] [2019-04-12 11:52:47] com.netflix.eureka.registry.AbstractInstanceRegistry [1254] - Running the evict task with compensationTime 0ms
[ INFO ] [2019-04-12 11:53:47] com.netflix.eureka.registry.AbstractInstanceRegistry [1254] - Running the evict task with compensationTime 0ms
[ WARN ] [2019-04-12 11:54:46] com.netflix.eureka.cluster.PeerEurekaNodes [156] - The replica size seems to be empty. Check the route 53 DNS Registry
[ INFO ] [2019-04-12 11:54:47] com.netflix.eureka.registry.AbstractInstanceRegistry [1254] - Running the evict task with compensationTime 0ms
[ INFO ] [2019-04-12 11:55:47] com.netflix.eureka.registry.AbstractInstanceRegistry [1254] - Running the evict task with compensationTime 0ms
[ INFO ] [2019-04-12 11:56:47] com.netflix.eureka.registry.AbstractInstanceRegistry [1254] - Running the evict task with compensationTime 0ms
[ INFO ] [2019-04-12 11:57:47] com.netflix.eureka.registry.AbstractInstanceRegistry [1254] - Running the evict task with compensationTime 0ms
[ INFO ] [2019-04-12 11:58:47] com.netflix.eureka.registry.AbstractInstanceRegistry [1254] - Running the evict task with compensationTime 0ms
[ INFO ] [2019-04-12 11:59:47] com.netflix.eureka.registry.AbstractInstanceRegistry [1254] - Running the evict task with compensationTime 0ms
[ INFO ] [2019-04-12 12:00:47] com.netflix.eureka.registry.AbstractInstanceRegistry [1254] - Running the evict task with compensationTime 0ms
[ INFO ] [2019-04-12 12:01:47] com.netflix.eureka.registry.AbstractInstanceRegistry [1254] - Running the evict task with compensationTime 0ms
[ INFO ] [2019-04-12 12:02:47] com.netflix.eureka.registry.AbstractInstanceRegistry [1254] - Running the evict task with compensationTime 0ms
[ INFO ] [2019-04-12 12:03:47] com.netflix.eureka.registry.AbstractInstanceRegistry [1254] - Running the evict task with compensationTime 0ms
[ INFO ] [2019-04-12 12:04:46] com.netflix.eureka.registry.PeerAwareInstanceRegistryImpl [541] - Current renewal threshold is : 6
[ WARN ] [2019-04-12 12:04:46] com.netflix.eureka.cluster.PeerEurekaNodes [156] - The replica size seems to be empty. Check the route 53 DNS Registry
[ INFO ] [2019-04-12 12:04:47] com.netflix.eureka.registry.AbstractInstanceRegistry [1254] - Running the evict task with compensationTime 2ms
[ INFO ] [2019-04-12 12:05:47] com.netflix.eureka.registry.AbstractInstanceRegistry [1254] - Running the evict task with compensationTime 0ms
[ INFO ] [2019-04-12 12:06:47] com.netflix.eureka.registry.AbstractInstanceRegistry [1254] - Running the evict task with compensationTime 0ms
[ INFO ] [2019-04-12 12:07:47] com.netflix.eureka.registry.AbstractInstanceRegistry [1254] - Running the evict task with compensationTime 0ms
[ INFO ] [2019-04-12 12:08:47] com.netflix.eureka.registry.AbstractInstanceRegistry [1254] - Running the evict task with compensationTime 0ms
[ INFO ] [2019-04-12 12:09:47] com.netflix.eureka.registry.AbstractInstanceRegistry [1254] - Running the evict task with compensationTime 0ms
[ INFO ] [2019-04-12 12:10:47] com.netflix.eureka.registry.AbstractInstanceRegistry [1254] - Running the evict task with compensationTime 0ms
[ INFO ] [2019-04-12 12:11:47] com.netflix.eureka.registry.AbstractInstanceRegistry [1254] - Running the evict task with compensationTime 0ms
[ INFO ] [2019-04-12 12:12:47] com.netflix.eureka.registry.AbstractInstanceRegistry [1254] - Running the evict task with compensationTime 0ms
[ INFO ] [2019-04-12 12:13:47] com.netflix.eureka.registry.AbstractInstanceRegistry [1254] - Running the evict task with compensationTime 0ms
[ WARN ] [2019-04-12 12:14:46] com.netflix.eureka.cluster.PeerEurekaNodes [156] - The replica size seems to be empty. Check the route 53 DNS Registry
[ INFO ] [2019-04-12 12:14:47] com.netflix.eureka.registry.AbstractInstanceRegistry [1254] - Running the evict task with compensationTime 0ms
[ INFO ] [2019-04-12 12:15:47] com.netflix.eureka.registry.AbstractInstanceRegistry [1254] - Running the evict task with compensationTime 0ms
[ INFO ] [2019-04-12 12:16:47] com.netflix.eureka.registry.AbstractInstanceRegistry [1254] - Running the evict task with compensationTime 0ms
[ INFO ] [2019-04-12 12:17:47] com.netflix.eureka.registry.AbstractInstanceRegistry [1254] - Running the evict task with compensationTime 0ms
[ INFO ] [2019-04-12 12:18:47] com.netflix.eureka.registry.AbstractInstanceRegistry [1254] - Running the evict task with compensationTime 0ms
[ INFO ] [2019-04-12 12:19:46] com.netflix.eureka.registry.PeerAwareInstanceRegistryImpl [541] - Current renewal threshold is : 6
[ INFO ] [2019-04-12 12:19:47] com.netflix.eureka.registry.AbstractInstanceRegistry [1254] - Running the evict task with compensationTime 0ms
