[ INFO ] [2019-04-18 16:42:43] org.springframework.context.annotation.AnnotationConfigApplicationContext [582] - Refreshing org.springframework.context.annotation.AnnotationConfigApplicationContext@5b8dfcc1: startup date [Thu Apr 18 16:42:43 CST 2019]; root of context hierarchy
[ INFO ] [2019-04-18 16:42:44] org.springframework.beans.factory.annotation.AutowiredAnnotationBeanPostProcessor [155] - JSR-330 'javax.inject.Inject' annotation found and supported for autowiring
[ INFO ] [2019-04-18 16:42:44] org.hibernate.validator.internal.util.Version [30] - HV000001: Hibernate Validator 5.3.4.Final
[ INFO ] [2019-04-18 16:42:44] org.springframework.context.support.PostProcessorRegistrationDelegate$BeanPostProcessorChecker [325] - Bean 'configurationPropertiesRebinderAutoConfiguration' of type [org.springframework.cloud.autoconfigure.ConfigurationPropertiesRebinderAutoConfiguration$$EnhancerBySpringCGLIB$$8a75ab7f] is not eligible for getting processed by all BeanPostProcessors (for example: not eligible for auto-proxying)
[ INFO ] [2019-04-18 16:42:45] com.iiit.train.springcloud.Application [637] - No active profile set, falling back to default profiles: default
[ INFO ] [2019-04-18 16:42:45] org.springframework.boot.context.embedded.AnnotationConfigEmbeddedWebApplicationContext [582] - Refreshing org.springframework.boot.context.embedded.AnnotationConfigEmbeddedWebApplicationContext@623e088f: startup date [Thu Apr 18 16:42:45 CST 2019]; parent: org.springframework.context.annotation.AnnotationConfigApplicationContext@5b8dfcc1
[ INFO ] [2019-04-18 16:42:46] org.springframework.cloud.context.scope.GenericScope [263] - BeanFactory id=20625e3a-8c12-3213-80d8-1ca7aab3daad
[ INFO ] [2019-04-18 16:42:46] org.springframework.beans.factory.annotation.AutowiredAnnotationBeanPostProcessor [155] - JSR-330 'javax.inject.Inject' annotation found and supported for autowiring
[ INFO ] [2019-04-18 16:42:46] org.springframework.context.support.PostProcessorRegistrationDelegate$BeanPostProcessorChecker [325] - Bean 'org.springframework.transaction.annotation.ProxyTransactionManagementConfiguration' of type [org.springframework.transaction.annotation.ProxyTransactionManagementConfiguration$$EnhancerBySpringCGLIB$$6e5ba882] is not eligible for getting processed by all BeanPostProcessors (for example: not eligible for auto-proxying)
[ INFO ] [2019-04-18 16:42:46] org.springframework.context.support.PostProcessorRegistrationDelegate$BeanPostProcessorChecker [325] - Bean 'org.springframework.cloud.autoconfigure.ConfigurationPropertiesRebinderAutoConfiguration' of type [org.springframework.cloud.autoconfigure.ConfigurationPropertiesRebinderAutoConfiguration$$EnhancerBySpringCGLIB$$8a75ab7f] is not eligible for getting processed by all BeanPostProcessors (for example: not eligible for auto-proxying)
[ INFO ] [2019-04-18 16:42:47] org.springframework.boot.context.embedded.tomcat.TomcatEmbeddedServletContainer [89] - Tomcat initialized with port(s): 2100 (http)
[ INFO ] [2019-04-18 16:42:47] org.apache.catalina.core.StandardService [179] - Starting service Tomcat
[ INFO ] [2019-04-18 16:42:47] org.apache.catalina.core.StandardEngine [179] - Starting Servlet Engine: Apache Tomcat/8.5.11
[ INFO ] [2019-04-18 16:42:47] org.apache.catalina.core.ContainerBase.[Tomcat].[localhost].[/] [179] - Initializing Spring embedded WebApplicationContext
[ INFO ] [2019-04-18 16:42:47] org.springframework.web.context.ContextLoader [276] - Root WebApplicationContext: initialization completed in 2432 ms
[ INFO ] [2019-04-18 16:42:48] org.springframework.boot.web.servlet.ServletRegistrationBean [190] - Mapping servlet: 'dispatcherServlet' to [/]
[ INFO ] [2019-04-18 16:42:48] org.springframework.boot.web.servlet.FilterRegistrationBean [258] - Mapping filter: 'characterEncodingFilter' to: [/*]
[ INFO ] [2019-04-18 16:42:48] org.springframework.boot.web.servlet.FilterRegistrationBean [258] - Mapping filter: 'hiddenHttpMethodFilter' to: [/*]
[ INFO ] [2019-04-18 16:42:48] org.springframework.boot.web.servlet.FilterRegistrationBean [258] - Mapping filter: 'httpPutFormContentFilter' to: [/*]
[ INFO ] [2019-04-18 16:42:48] org.springframework.boot.web.servlet.FilterRegistrationBean [258] - Mapping filter: 'requestContextFilter' to: [/*]
[ INFO ] [2019-04-18 16:42:48] org.springframework.jdbc.datasource.init.ScriptUtils [442] - Executing SQL script from URL [file:/E:/Eclipse/Eclipse-iiit-train-springcloud/iiit-train-springcloud/080--hystrix-turbine/user-service/target/classes/schema.sql]
[ INFO ] [2019-04-18 16:42:48] org.springframework.jdbc.datasource.init.ScriptUtils [508] - Executed SQL script from URL [file:/E:/Eclipse/Eclipse-iiit-train-springcloud/iiit-train-springcloud/080--hystrix-turbine/user-service/target/classes/schema.sql] in 19 ms.
[ INFO ] [2019-04-18 16:42:48] org.springframework.jdbc.datasource.init.ScriptUtils [442] - Executing SQL script from URL [file:/E:/Eclipse/Eclipse-iiit-train-springcloud/iiit-train-springcloud/080--hystrix-turbine/user-service/target/classes/data.sql]
[ INFO ] [2019-04-18 16:42:48] org.springframework.jdbc.datasource.init.ScriptUtils [508] - Executed SQL script from URL [file:/E:/Eclipse/Eclipse-iiit-train-springcloud/iiit-train-springcloud/080--hystrix-turbine/user-service/target/classes/data.sql] in 5 ms.
[ INFO ] [2019-04-18 16:42:48] org.springframework.orm.jpa.LocalContainerEntityManagerFactoryBean [349] - Building JPA container EntityManagerFactory for persistence unit 'default'
[ INFO ] [2019-04-18 16:42:48] org.hibernate.jpa.internal.util.LogHelper [31] - HHH000204: Processing PersistenceUnitInfo [
	name: default
	...]
[ INFO ] [2019-04-18 16:42:49] org.hibernate.Version [37] - HHH000412: Hibernate Core {5.0.12.Final}
[ INFO ] [2019-04-18 16:42:49] org.hibernate.cfg.Environment [213] - HHH000206: hibernate.properties not found
[ INFO ] [2019-04-18 16:42:49] org.hibernate.cfg.Environment [317] - HHH000021: Bytecode provider name : javassist
[ INFO ] [2019-04-18 16:42:49] org.hibernate.annotations.common.Version [66] - HCANN000001: Hibernate Commons Annotations {5.0.1.Final}
[ INFO ] [2019-04-18 16:42:49] org.hibernate.dialect.Dialect [156] - HHH000400: Using dialect: org.hibernate.dialect.H2Dialect
[ INFO ] [2019-04-18 16:42:49] org.springframework.orm.jpa.LocalContainerEntityManagerFactoryBean [379] - Initialized JPA EntityManagerFactory for persistence unit 'default'
[ WARN ] [2019-04-18 16:42:51] com.netflix.config.sources.URLConfigurationSource [121] - No URLs will be polled as dynamic configuration sources.
[ INFO ] [2019-04-18 16:42:51] com.netflix.config.sources.URLConfigurationSource [122] - To enable URLs as dynamic configuration sources, define System property archaius.configurationSource.additionalUrls or make config.properties available on classpath.
[ WARN ] [2019-04-18 16:42:51] com.netflix.config.sources.URLConfigurationSource [121] - No URLs will be polled as dynamic configuration sources.
[ INFO ] [2019-04-18 16:42:51] com.netflix.config.sources.URLConfigurationSource [122] - To enable URLs as dynamic configuration sources, define System property archaius.configurationSource.additionalUrls or make config.properties available on classpath.
[ INFO ] [2019-04-18 16:42:51] org.springframework.web.servlet.mvc.method.annotation.RequestMappingHandlerAdapter [534] - Looking for @ControllerAdvice: org.springframework.boot.context.embedded.AnnotationConfigEmbeddedWebApplicationContext@623e088f: startup date [Thu Apr 18 16:42:45 CST 2019]; parent: org.springframework.context.annotation.AnnotationConfigApplicationContext@5b8dfcc1
[ INFO ] [2019-04-18 16:42:51] org.springframework.web.servlet.mvc.method.annotation.RequestMappingHandlerMapping [543] - Mapped "{[/users],methods=[GET]}" onto public java.util.List<com.iiit.train.springcloud.user.entity.User> com.iiit.train.springcloud.user.api.UserEndpoint.list()
[ INFO ] [2019-04-18 16:42:51] org.springframework.web.servlet.mvc.method.annotation.RequestMappingHandlerMapping [543] - Mapped "{[/users/{id}],methods=[GET]}" onto public com.iiit.train.springcloud.user.api.UserDto com.iiit.train.springcloud.user.api.UserEndpoint.detail(java.lang.Long)
[ INFO ] [2019-04-18 16:42:51] org.springframework.web.servlet.mvc.method.annotation.RequestMappingHandlerMapping [543] - Mapped "{[/error]}" onto public org.springframework.http.ResponseEntity<java.util.Map<java.lang.String, java.lang.Object>> org.springframework.boot.autoconfigure.web.BasicErrorController.error(javax.servlet.http.HttpServletRequest)
[ INFO ] [2019-04-18 16:42:51] org.springframework.web.servlet.mvc.method.annotation.RequestMappingHandlerMapping [543] - Mapped "{[/error],produces=[text/html]}" onto public org.springframework.web.servlet.ModelAndView org.springframework.boot.autoconfigure.web.BasicErrorController.errorHtml(javax.servlet.http.HttpServletRequest,javax.servlet.http.HttpServletResponse)
[ INFO ] [2019-04-18 16:42:51] org.springframework.web.servlet.handler.SimpleUrlHandlerMapping [362] - Mapped URL path [/webjars/**] onto handler of type [class org.springframework.web.servlet.resource.ResourceHttpRequestHandler]
[ INFO ] [2019-04-18 16:42:51] org.springframework.web.servlet.handler.SimpleUrlHandlerMapping [362] - Mapped URL path [/**] onto handler of type [class org.springframework.web.servlet.resource.ResourceHttpRequestHandler]
[ INFO ] [2019-04-18 16:42:51] org.springframework.web.servlet.handler.SimpleUrlHandlerMapping [362] - Mapped URL path [/**/favicon.ico] onto handler of type [class org.springframework.web.servlet.resource.ResourceHttpRequestHandler]
[ INFO ] [2019-04-18 16:42:52] org.springframework.jmx.export.annotation.AnnotationMBeanExporter [431] - Registering beans for JMX exposure on startup
[ INFO ] [2019-04-18 16:42:52] org.springframework.jmx.export.annotation.AnnotationMBeanExporter [916] - Bean with name 'environmentManager' has been autodetected for JMX exposure
[ INFO ] [2019-04-18 16:42:52] org.springframework.jmx.export.annotation.AnnotationMBeanExporter [916] - Bean with name 'configurationPropertiesRebinder' has been autodetected for JMX exposure
[ INFO ] [2019-04-18 16:42:52] org.springframework.jmx.export.annotation.AnnotationMBeanExporter [916] - Bean with name 'refreshScope' has been autodetected for JMX exposure
[ INFO ] [2019-04-18 16:42:52] org.springframework.jmx.export.annotation.AnnotationMBeanExporter [678] - Located managed bean 'environmentManager': registering with JMX server as MBean [org.springframework.cloud.context.environment:name=environmentManager,type=EnvironmentManager]
[ INFO ] [2019-04-18 16:42:52] org.springframework.jmx.export.annotation.AnnotationMBeanExporter [678] - Located managed bean 'refreshScope': registering with JMX server as MBean [org.springframework.cloud.context.scope.refresh:name=refreshScope,type=RefreshScope]
[ INFO ] [2019-04-18 16:42:52] org.springframework.jmx.export.annotation.AnnotationMBeanExporter [678] - Located managed bean 'configurationPropertiesRebinder': registering with JMX server as MBean [org.springframework.cloud.context.properties:name=configurationPropertiesRebinder,context=623e088f,type=ConfigurationPropertiesRebinder]
[ INFO ] [2019-04-18 16:42:52] org.springframework.context.support.DefaultLifecycleProcessor [343] - Starting beans in phase 0
[ INFO ] [2019-04-18 16:42:52] org.springframework.cloud.netflix.eureka.InstanceInfoFactory [70] - Setting initial instance status as: STARTING
[ INFO ] [2019-04-18 16:42:52] com.netflix.discovery.DiscoveryClient [344] - Initializing Eureka in region us-east-1
[ INFO ] [2019-04-18 16:42:52] com.netflix.discovery.provider.DiscoveryJerseyProvider [70] - Using JSON encoding codec LegacyJacksonJson
[ INFO ] [2019-04-18 16:42:52] com.netflix.discovery.provider.DiscoveryJerseyProvider [71] - Using JSON decoding codec LegacyJacksonJson
[ INFO ] [2019-04-18 16:42:53] com.netflix.discovery.provider.DiscoveryJerseyProvider [80] - Using XML encoding codec XStreamXml
[ INFO ] [2019-04-18 16:42:53] com.netflix.discovery.provider.DiscoveryJerseyProvider [81] - Using XML decoding codec XStreamXml
[ INFO ] [2019-04-18 16:42:53] com.netflix.discovery.shared.resolver.aws.ConfigClusterResolver [43] - Resolving eureka endpoints via configuration
[ INFO ] [2019-04-18 16:42:53] com.netflix.discovery.DiscoveryClient [920] - Disable delta property : false
[ INFO ] [2019-04-18 16:42:53] com.netflix.discovery.DiscoveryClient [921] - Single vip registry refresh property : null
[ INFO ] [2019-04-18 16:42:53] com.netflix.discovery.DiscoveryClient [922] - Force full registry fetch : false
[ INFO ] [2019-04-18 16:42:53] com.netflix.discovery.DiscoveryClient [923] - Application is null : false
[ INFO ] [2019-04-18 16:42:53] com.netflix.discovery.DiscoveryClient [924] - Registered Applications size is zero : true
[ INFO ] [2019-04-18 16:42:53] com.netflix.discovery.DiscoveryClient [926] - Application version is -1: true
[ INFO ] [2019-04-18 16:42:53] com.netflix.discovery.DiscoveryClient [1009] - Getting all instance registry info from the eureka server
[ INFO ] [2019-04-18 16:42:54] com.netflix.discovery.DiscoveryClient [1018] - The response status is 200
[ INFO ] [2019-04-18 16:42:54] com.netflix.discovery.DiscoveryClient [1244] - Starting heartbeat executor: renew interval is: 30
[ INFO ] [2019-04-18 16:42:54] com.netflix.discovery.InstanceInfoReplicator [59] - InstanceInfoReplicator onDemand update allowed rate per min is 4
[ INFO ] [2019-04-18 16:42:54] com.netflix.discovery.DiscoveryClient [425] - Discovery Client initialized at timestamp 1555576974303 with initial instances count: 0
[ INFO ] [2019-04-18 16:42:54] org.springframework.cloud.netflix.eureka.serviceregistry.EurekaServiceRegistry [40] - Registering application userservice with eureka with status UP
[ INFO ] [2019-04-18 16:42:54] com.netflix.discovery.DiscoveryClient [1279] - Saw local status change event StatusChangeEvent [timestamp=1555576974361, current=UP, previous=STARTING]
[ INFO ] [2019-04-18 16:42:54] org.apache.coyote.http11.Http11NioProtocol [179] - Initializing ProtocolHandler ["http-nio-2100"]
[ INFO ] [2019-04-18 16:42:54] org.apache.coyote.http11.Http11NioProtocol [179] - Starting ProtocolHandler [http-nio-2100]
[ INFO ] [2019-04-18 16:42:54] org.apache.tomcat.util.net.NioSelectorPool [179] - Using a shared selector for servlet write/read
[ INFO ] [2019-04-18 16:42:54] com.netflix.discovery.DiscoveryClient [795] - DiscoveryClient_USERSERVICE/reng-notes:userservice:2100: registering service...
[ INFO ] [2019-04-18 16:42:54] org.springframework.boot.context.embedded.tomcat.TomcatEmbeddedServletContainer [198] - Tomcat started on port(s): 2100 (http)
[ INFO ] [2019-04-18 16:42:54] org.springframework.cloud.netflix.eureka.serviceregistry.EurekaAutoServiceRegistration [117] - Updating port to 2100
[ INFO ] [2019-04-18 16:42:54] com.iiit.train.springcloud.Application [57] - Started Application in 11.815 seconds (JVM running for 12.601)
[ INFO ] [2019-04-18 16:42:55] com.netflix.discovery.DiscoveryClient [804] - DiscoveryClient_USERSERVICE/reng-notes:userservice:2100 - registration status: 204
[ INFO ] [2019-04-18 16:43:24] com.netflix.discovery.DiscoveryClient [920] - Disable delta property : false
[ INFO ] [2019-04-18 16:43:24] com.netflix.discovery.DiscoveryClient [921] - Single vip registry refresh property : null
[ INFO ] [2019-04-18 16:43:24] com.netflix.discovery.DiscoveryClient [922] - Force full registry fetch : false
[ INFO ] [2019-04-18 16:43:24] com.netflix.discovery.DiscoveryClient [923] - Application is null : false
[ INFO ] [2019-04-18 16:43:24] com.netflix.discovery.DiscoveryClient [924] - Registered Applications size is zero : true
[ INFO ] [2019-04-18 16:43:24] com.netflix.discovery.DiscoveryClient [926] - Application version is -1: false
[ INFO ] [2019-04-18 16:43:24] com.netflix.discovery.DiscoveryClient [1009] - Getting all instance registry info from the eureka server
[ INFO ] [2019-04-18 16:43:24] com.netflix.discovery.DiscoveryClient [1018] - The response status is 200
[ INFO ] [2019-04-18 16:44:44] org.apache.catalina.core.ContainerBase.[Tomcat].[localhost].[/] [179] - Initializing Spring FrameworkServlet 'dispatcherServlet'
[ INFO ] [2019-04-18 16:44:44] org.springframework.web.servlet.DispatcherServlet [489] - FrameworkServlet 'dispatcherServlet': initialization started
[ INFO ] [2019-04-18 16:44:44] org.springframework.web.servlet.DispatcherServlet [508] - FrameworkServlet 'dispatcherServlet': initialization completed in 36 ms
[ INFO ] [2019-04-18 16:47:53] com.netflix.discovery.shared.resolver.aws.ConfigClusterResolver [43] - Resolving eureka endpoints via configuration
