[ INFO ] [2019-04-18 16:43:36] org.springframework.context.annotation.AnnotationConfigApplicationContext [582] - Refreshing org.springframework.context.annotation.AnnotationConfigApplicationContext@5c5eefef: startup date [Thu Apr 18 16:43:36 CST 2019]; root of context hierarchy
[ INFO ] [2019-04-18 16:43:37] org.hibernate.validator.internal.util.Version [30] - HV000001: Hibernate Validator 5.3.4.Final
[ INFO ] [2019-04-18 16:43:37] org.springframework.beans.factory.annotation.AutowiredAnnotationBeanPostProcessor [155] - JSR-330 'javax.inject.Inject' annotation found and supported for autowiring
[ INFO ] [2019-04-18 16:43:37] org.springframework.context.support.PostProcessorRegistrationDelegate$BeanPostProcessorChecker [325] - Bean 'configurationPropertiesRebinderAutoConfiguration' of type [org.springframework.cloud.autoconfigure.ConfigurationPropertiesRebinderAutoConfiguration$$EnhancerBySpringCGLIB$$a75da391] is not eligible for getting processed by all BeanPostProcessors (for example: not eligible for auto-proxying)
[ INFO ] [2019-04-18 16:43:38] com.iiit.train.springcloud.Application [637] - No active profile set, falling back to default profiles: default
[ INFO ] [2019-04-18 16:43:38] org.springframework.boot.context.embedded.AnnotationConfigEmbeddedWebApplicationContext [582] - Refreshing org.springframework.boot.context.embedded.AnnotationConfigEmbeddedWebApplicationContext@142269f2: startup date [Thu Apr 18 16:43:38 CST 2019]; parent: org.springframework.context.annotation.AnnotationConfigApplicationContext@5c5eefef
[ INFO ] [2019-04-18 16:43:40] org.springframework.cloud.context.scope.GenericScope [263] - BeanFactory id=3ba7a375-d922-3e26-b7b1-707e8a4138ae
[ INFO ] [2019-04-18 16:43:40] org.springframework.beans.factory.annotation.AutowiredAnnotationBeanPostProcessor [155] - JSR-330 'javax.inject.Inject' annotation found and supported for autowiring
[ INFO ] [2019-04-18 16:43:40] org.springframework.context.support.PostProcessorRegistrationDelegate$BeanPostProcessorChecker [325] - Bean 'org.springframework.cloud.netflix.metrics.MetricsInterceptorConfiguration$MetricsRestTemplateConfiguration' of type [org.springframework.cloud.netflix.metrics.MetricsInterceptorConfiguration$MetricsRestTemplateConfiguration$$EnhancerBySpringCGLIB$$bd7046d5] is not eligible for getting processed by all BeanPostProcessors (for example: not eligible for auto-proxying)
[ INFO ] [2019-04-18 16:43:40] org.springframework.context.support.PostProcessorRegistrationDelegate$BeanPostProcessorChecker [325] - Bean 'org.springframework.cloud.autoconfigure.ConfigurationPropertiesRebinderAutoConfiguration' of type [org.springframework.cloud.autoconfigure.ConfigurationPropertiesRebinderAutoConfiguration$$EnhancerBySpringCGLIB$$a75da391] is not eligible for getting processed by all BeanPostProcessors (for example: not eligible for auto-proxying)
[ INFO ] [2019-04-18 16:43:41] org.springframework.boot.context.embedded.tomcat.TomcatEmbeddedServletContainer [89] - Tomcat initialized with port(s): 8280 (http)
[ INFO ] [2019-04-18 16:43:41] org.apache.catalina.core.StandardService [179] - Starting service Tomcat
[ INFO ] [2019-04-18 16:43:41] org.apache.catalina.core.StandardEngine [179] - Starting Servlet Engine: Apache Tomcat/8.5.11
[ INFO ] [2019-04-18 16:43:41] org.apache.catalina.core.ContainerBase.[Tomcat].[localhost].[/] [179] - Initializing Spring embedded WebApplicationContext
[ INFO ] [2019-04-18 16:43:41] org.springframework.web.context.ContextLoader [276] - Root WebApplicationContext: initialization completed in 2692 ms
[ INFO ] [2019-04-18 16:43:41] org.springframework.boot.web.servlet.ServletRegistrationBean [190] - Mapping servlet: 'turbineStreamServlet' to [/turbine.stream]
[ INFO ] [2019-04-18 16:43:41] org.springframework.boot.web.servlet.ServletRegistrationBean [190] - Mapping servlet: 'dispatcherServlet' to [/]
[ INFO ] [2019-04-18 16:43:41] org.springframework.boot.web.servlet.FilterRegistrationBean [258] - Mapping filter: 'metricsFilter' to: [/*]
[ INFO ] [2019-04-18 16:43:41] org.springframework.boot.web.servlet.FilterRegistrationBean [258] - Mapping filter: 'characterEncodingFilter' to: [/*]
[ INFO ] [2019-04-18 16:43:41] org.springframework.boot.web.servlet.FilterRegistrationBean [258] - Mapping filter: 'hiddenHttpMethodFilter' to: [/*]
[ INFO ] [2019-04-18 16:43:41] org.springframework.boot.web.servlet.FilterRegistrationBean [258] - Mapping filter: 'httpPutFormContentFilter' to: [/*]
[ INFO ] [2019-04-18 16:43:41] org.springframework.boot.web.servlet.FilterRegistrationBean [258] - Mapping filter: 'requestContextFilter' to: [/*]
[ INFO ] [2019-04-18 16:43:41] org.springframework.boot.web.servlet.FilterRegistrationBean [258] - Mapping filter: 'webRequestLoggingFilter' to: [/*]
[ INFO ] [2019-04-18 16:43:41] org.springframework.boot.web.servlet.FilterRegistrationBean [258] - Mapping filter: 'applicationContextIdFilter' to: [/*]
[ WARN ] [2019-04-18 16:43:43] com.netflix.config.sources.URLConfigurationSource [121] - No URLs will be polled as dynamic configuration sources.
[ INFO ] [2019-04-18 16:43:43] com.netflix.config.sources.URLConfigurationSource [122] - To enable URLs as dynamic configuration sources, define System property archaius.configurationSource.additionalUrls or make config.properties available on classpath.
[ WARN ] [2019-04-18 16:43:43] com.netflix.config.sources.URLConfigurationSource [121] - No URLs will be polled as dynamic configuration sources.
[ INFO ] [2019-04-18 16:43:43] com.netflix.config.sources.URLConfigurationSource [122] - To enable URLs as dynamic configuration sources, define System property archaius.configurationSource.additionalUrls or make config.properties available on classpath.
[ INFO ] [2019-04-18 16:43:43] org.springframework.web.servlet.mvc.method.annotation.RequestMappingHandlerAdapter [534] - Looking for @ControllerAdvice: org.springframework.boot.context.embedded.AnnotationConfigEmbeddedWebApplicationContext@142269f2: startup date [Thu Apr 18 16:43:38 CST 2019]; parent: org.springframework.context.annotation.AnnotationConfigApplicationContext@5c5eefef
[ INFO ] [2019-04-18 16:43:43] org.springframework.web.servlet.mvc.method.annotation.RequestMappingHandlerMapping [543] - Mapped "{[/error]}" onto public org.springframework.http.ResponseEntity<java.util.Map<java.lang.String, java.lang.Object>> org.springframework.boot.autoconfigure.web.BasicErrorController.error(javax.servlet.http.HttpServletRequest)
[ INFO ] [2019-04-18 16:43:43] org.springframework.web.servlet.mvc.method.annotation.RequestMappingHandlerMapping [543] - Mapped "{[/error],produces=[text/html]}" onto public org.springframework.web.servlet.ModelAndView org.springframework.boot.autoconfigure.web.BasicErrorController.errorHtml(javax.servlet.http.HttpServletRequest,javax.servlet.http.HttpServletResponse)
[ INFO ] [2019-04-18 16:43:43] org.springframework.web.servlet.handler.SimpleUrlHandlerMapping [362] - Mapped URL path [/webjars/**] onto handler of type [class org.springframework.web.servlet.resource.ResourceHttpRequestHandler]
[ INFO ] [2019-04-18 16:43:43] org.springframework.web.servlet.handler.SimpleUrlHandlerMapping [362] - Mapped URL path [/**] onto handler of type [class org.springframework.web.servlet.resource.ResourceHttpRequestHandler]
[ INFO ] [2019-04-18 16:43:43] org.springframework.web.servlet.handler.SimpleUrlHandlerMapping [362] - Mapped URL path [/**/favicon.ico] onto handler of type [class org.springframework.web.servlet.resource.ResourceHttpRequestHandler]
[ INFO ] [2019-04-18 16:43:45] org.springframework.jmx.export.annotation.AnnotationMBeanExporter [431] - Registering beans for JMX exposure on startup
[ INFO ] [2019-04-18 16:43:45] org.springframework.jmx.export.annotation.AnnotationMBeanExporter [916] - Bean with name 'environmentManager' has been autodetected for JMX exposure
[ INFO ] [2019-04-18 16:43:45] org.springframework.jmx.export.annotation.AnnotationMBeanExporter [916] - Bean with name 'configurationPropertiesRebinder' has been autodetected for JMX exposure
[ INFO ] [2019-04-18 16:43:45] org.springframework.jmx.export.annotation.AnnotationMBeanExporter [916] - Bean with name 'refreshEndpoint' has been autodetected for JMX exposure
[ INFO ] [2019-04-18 16:43:45] org.springframework.jmx.export.annotation.AnnotationMBeanExporter [916] - Bean with name 'restartEndpoint' has been autodetected for JMX exposure
[ INFO ] [2019-04-18 16:43:45] org.springframework.jmx.export.annotation.AnnotationMBeanExporter [916] - Bean with name 'serviceRegistryEndpoint' has been autodetected for JMX exposure
[ INFO ] [2019-04-18 16:43:45] org.springframework.jmx.export.annotation.AnnotationMBeanExporter [916] - Bean with name 'refreshScope' has been autodetected for JMX exposure
[ INFO ] [2019-04-18 16:43:45] org.springframework.jmx.export.annotation.AnnotationMBeanExporter [678] - Located managed bean 'environmentManager': registering with JMX server as MBean [org.springframework.cloud.context.environment:name=environmentManager,type=EnvironmentManager]
[ INFO ] [2019-04-18 16:43:45] org.springframework.jmx.export.annotation.AnnotationMBeanExporter [678] - Located managed bean 'restartEndpoint': registering with JMX server as MBean [org.springframework.cloud.context.restart:name=restartEndpoint,type=RestartEndpoint]
[ INFO ] [2019-04-18 16:43:45] org.springframework.jmx.export.annotation.AnnotationMBeanExporter [678] - Located managed bean 'serviceRegistryEndpoint': registering with JMX server as MBean [org.springframework.cloud.client.serviceregistry.endpoint:name=serviceRegistryEndpoint,type=ServiceRegistryEndpoint]
[ INFO ] [2019-04-18 16:43:45] org.springframework.jmx.export.annotation.AnnotationMBeanExporter [678] - Located managed bean 'refreshScope': registering with JMX server as MBean [org.springframework.cloud.context.scope.refresh:name=refreshScope,type=RefreshScope]
[ INFO ] [2019-04-18 16:43:45] org.springframework.jmx.export.annotation.AnnotationMBeanExporter [678] - Located managed bean 'configurationPropertiesRebinder': registering with JMX server as MBean [org.springframework.cloud.context.properties:name=configurationPropertiesRebinder,context=142269f2,type=ConfigurationPropertiesRebinder]
[ INFO ] [2019-04-18 16:43:45] org.springframework.jmx.export.annotation.AnnotationMBeanExporter [678] - Located managed bean 'refreshEndpoint': registering with JMX server as MBean [org.springframework.cloud.endpoint:name=refreshEndpoint,type=RefreshEndpoint]
[ INFO ] [2019-04-18 16:43:45] org.springframework.boot.actuate.endpoint.jmx.EndpointMBeanExporter [431] - Registering beans for JMX exposure on startup
[ INFO ] [2019-04-18 16:43:45] org.springframework.boot.context.embedded.AnnotationConfigEmbeddedWebApplicationContext [582] - Refreshing org.springframework.boot.context.embedded.AnnotationConfigEmbeddedWebApplicationContext@12f279b5: startup date [Thu Apr 18 16:43:45 CST 2019]; parent: org.springframework.boot.context.embedded.AnnotationConfigEmbeddedWebApplicationContext@142269f2
[ INFO ] [2019-04-18 16:43:45] org.springframework.beans.factory.support.DefaultListableBeanFactory [828] - Overriding bean definition for bean 'handlerExceptionResolver' with a different definition: replacing [Root bean: class [null]; scope=; abstract=false; lazyInit=false; autowireMode=3; dependencyCheck=0; autowireCandidate=true; primary=false; factoryBeanName=org.springframework.web.servlet.config.annotation.DelegatingWebMvcConfiguration; factoryMethodName=handlerExceptionResolver; initMethodName=null; destroyMethodName=(inferred); defined in org.springframework.web.servlet.config.annotation.DelegatingWebMvcConfiguration] with [Root bean: class [null]; scope=; abstract=false; lazyInit=false; autowireMode=3; dependencyCheck=0; autowireCandidate=true; primary=false; factoryBeanName=endpointWebMvcChildContextConfiguration; factoryMethodName=compositeHandlerExceptionResolver; initMethodName=null; destroyMethodName=(inferred); defined in org.springframework.boot.actuate.autoconfigure.EndpointWebMvcChildContextConfiguration]
[ INFO ] [2019-04-18 16:43:45] org.springframework.beans.factory.annotation.AutowiredAnnotationBeanPostProcessor [155] - JSR-330 'javax.inject.Inject' annotation found and supported for autowiring
[ INFO ] [2019-04-18 16:43:45] org.springframework.boot.context.embedded.tomcat.TomcatEmbeddedServletContainer [89] - Tomcat initialized with port(s): 8281 (http)
[ INFO ] [2019-04-18 16:43:45] org.apache.catalina.core.StandardService [179] - Starting service Tomcat
[ INFO ] [2019-04-18 16:43:45] org.apache.catalina.core.StandardEngine [179] - Starting Servlet Engine: Apache Tomcat/8.5.11
[ INFO ] [2019-04-18 16:43:45] org.apache.catalina.core.ContainerBase.[Tomcat-1].[localhost].[/] [179] - Initializing Spring embedded WebApplicationContext
[ INFO ] [2019-04-18 16:43:45] org.springframework.web.context.ContextLoader [276] - Root WebApplicationContext: initialization completed in 466 ms
[ INFO ] [2019-04-18 16:43:45] org.springframework.boot.web.servlet.ServletRegistrationBean [190] - Mapping servlet: 'dispatcherServlet' to [/]
[ INFO ] [2019-04-18 16:43:45] org.springframework.boot.actuate.endpoint.mvc.EndpointHandlerMapping [543] - Mapped "{[/resume || /resume.json],methods=[POST]}" onto public java.lang.Object org.springframework.cloud.endpoint.GenericPostableMvcEndpoint.invoke()
[ INFO ] [2019-04-18 16:43:45] org.springframework.boot.actuate.endpoint.mvc.EndpointHandlerMapping [543] - Mapped "{[/configprops || /configprops.json],methods=[GET],produces=[application/vnd.spring-boot.actuator.v1+json || application/json]}" onto public java.lang.Object org.springframework.boot.actuate.endpoint.mvc.EndpointMvcAdapter.invoke()
[ INFO ] [2019-04-18 16:43:45] org.springframework.boot.actuate.endpoint.mvc.EndpointHandlerMapping [543] - Mapped "{[/features || /features.json],methods=[GET],produces=[application/vnd.spring-boot.actuator.v1+json || application/json]}" onto public java.lang.Object org.springframework.boot.actuate.endpoint.mvc.EndpointMvcAdapter.invoke()
[ INFO ] [2019-04-18 16:43:45] org.springframework.boot.actuate.endpoint.mvc.EndpointHandlerMapping [543] - Mapped "{[/env/{name:.*}],methods=[GET],produces=[application/vnd.spring-boot.actuator.v1+json || application/json]}" onto public java.lang.Object org.springframework.boot.actuate.endpoint.mvc.EnvironmentMvcEndpoint.value(java.lang.String)
[ INFO ] [2019-04-18 16:43:45] org.springframework.boot.actuate.endpoint.mvc.EndpointHandlerMapping [543] - Mapped "{[/env || /env.json],methods=[GET],produces=[application/vnd.spring-boot.actuator.v1+json || application/json]}" onto public java.lang.Object org.springframework.boot.actuate.endpoint.mvc.EndpointMvcAdapter.invoke()
[ INFO ] [2019-04-18 16:43:45] org.springframework.boot.actuate.endpoint.mvc.EndpointHandlerMapping [543] - Mapped "{[/dump || /dump.json],methods=[GET],produces=[application/vnd.spring-boot.actuator.v1+json || application/json]}" onto public java.lang.Object org.springframework.boot.actuate.endpoint.mvc.EndpointMvcAdapter.invoke()
[ INFO ] [2019-04-18 16:43:45] org.springframework.boot.actuate.endpoint.mvc.EndpointHandlerMapping [543] - Mapped "{[/info || /info.json],methods=[GET],produces=[application/vnd.spring-boot.actuator.v1+json || application/json]}" onto public java.lang.Object org.springframework.boot.actuate.endpoint.mvc.EndpointMvcAdapter.invoke()
[ INFO ] [2019-04-18 16:43:45] org.springframework.boot.actuate.endpoint.mvc.EndpointHandlerMapping [543] - Mapped "{[/auditevents || /auditevents.json],methods=[GET],produces=[application/vnd.spring-boot.actuator.v1+json || application/json]}" onto public org.springframework.http.ResponseEntity<?> org.springframework.boot.actuate.endpoint.mvc.AuditEventsMvcEndpoint.findByPrincipalAndAfterAndType(java.lang.String,java.util.Date,java.lang.String)
[ INFO ] [2019-04-18 16:43:45] org.springframework.boot.actuate.endpoint.mvc.EndpointHandlerMapping [543] - Mapped "{[/restart || /restart.json],methods=[POST]}" onto public java.lang.Object org.springframework.cloud.context.restart.RestartMvcEndpoint.invoke()
[ INFO ] [2019-04-18 16:43:45] org.springframework.boot.actuate.endpoint.mvc.EndpointHandlerMapping [543] - Mapped "{[/metrics/{name:.*}],methods=[GET],produces=[application/vnd.spring-boot.actuator.v1+json || application/json]}" onto public java.lang.Object org.springframework.boot.actuate.endpoint.mvc.MetricsMvcEndpoint.value(java.lang.String)
[ INFO ] [2019-04-18 16:43:45] org.springframework.boot.actuate.endpoint.mvc.EndpointHandlerMapping [543] - Mapped "{[/metrics || /metrics.json],methods=[GET],produces=[application/vnd.spring-boot.actuator.v1+json || application/json]}" onto public java.lang.Object org.springframework.boot.actuate.endpoint.mvc.EndpointMvcAdapter.invoke()
[ INFO ] [2019-04-18 16:43:45] org.springframework.boot.actuate.endpoint.mvc.EndpointHandlerMapping [543] - Mapped "{[/env],methods=[POST]}" onto public java.lang.Object org.springframework.cloud.context.environment.EnvironmentManagerMvcEndpoint.value(java.util.Map<java.lang.String, java.lang.String>)
[ INFO ] [2019-04-18 16:43:45] org.springframework.boot.actuate.endpoint.mvc.EndpointHandlerMapping [543] - Mapped "{[/env/reset],methods=[POST]}" onto public java.util.Map<java.lang.String, java.lang.Object> org.springframework.cloud.context.environment.EnvironmentManagerMvcEndpoint.reset()
[ INFO ] [2019-04-18 16:43:45] org.springframework.boot.actuate.endpoint.mvc.EndpointHandlerMapping [543] - Mapped "{[/mappings || /mappings.json],methods=[GET],produces=[application/vnd.spring-boot.actuator.v1+json || application/json]}" onto public java.lang.Object org.springframework.boot.actuate.endpoint.mvc.EndpointMvcAdapter.invoke()
[ INFO ] [2019-04-18 16:43:45] org.springframework.boot.actuate.endpoint.mvc.EndpointHandlerMapping [543] - Mapped "{[/autoconfig || /autoconfig.json],methods=[GET],produces=[application/vnd.spring-boot.actuator.v1+json || application/json]}" onto public java.lang.Object org.springframework.boot.actuate.endpoint.mvc.EndpointMvcAdapter.invoke()
[ INFO ] [2019-04-18 16:43:45] org.springframework.boot.actuate.endpoint.mvc.EndpointHandlerMapping [543] - Mapped "{[/trace || /trace.json],methods=[GET],produces=[application/vnd.spring-boot.actuator.v1+json || application/json]}" onto public java.lang.Object org.springframework.boot.actuate.endpoint.mvc.EndpointMvcAdapter.invoke()
[ INFO ] [2019-04-18 16:43:45] org.springframework.boot.actuate.endpoint.mvc.EndpointHandlerMapping [543] - Mapped "{[/health || /health.json],methods=[GET],produces=[application/vnd.spring-boot.actuator.v1+json || application/json]}" onto public java.lang.Object org.springframework.boot.actuate.endpoint.mvc.HealthMvcEndpoint.invoke(javax.servlet.http.HttpServletRequest,java.security.Principal)
[ INFO ] [2019-04-18 16:43:45] org.springframework.boot.actuate.endpoint.mvc.EndpointHandlerMapping [543] - Mapped "{[/beans || /beans.json],methods=[GET],produces=[application/vnd.spring-boot.actuator.v1+json || application/json]}" onto public java.lang.Object org.springframework.boot.actuate.endpoint.mvc.EndpointMvcAdapter.invoke()
[ INFO ] [2019-04-18 16:43:45] org.springframework.boot.actuate.endpoint.mvc.EndpointHandlerMapping [543] - Mapped "{[/pause || /pause.json],methods=[POST]}" onto public java.lang.Object org.springframework.cloud.endpoint.GenericPostableMvcEndpoint.invoke()
[ INFO ] [2019-04-18 16:43:45] org.springframework.boot.actuate.endpoint.mvc.EndpointHandlerMapping [543] - Mapped "{[/loggers/{name:.*}],methods=[GET],produces=[application/vnd.spring-boot.actuator.v1+json || application/json]}" onto public java.lang.Object org.springframework.boot.actuate.endpoint.mvc.LoggersMvcEndpoint.get(java.lang.String)
[ INFO ] [2019-04-18 16:43:45] org.springframework.boot.actuate.endpoint.mvc.EndpointHandlerMapping [543] - Mapped "{[/loggers/{name:.*}],methods=[POST],consumes=[application/vnd.spring-boot.actuator.v1+json || application/json],produces=[application/vnd.spring-boot.actuator.v1+json || application/json]}" onto public java.lang.Object org.springframework.boot.actuate.endpoint.mvc.LoggersMvcEndpoint.set(java.lang.String,java.util.Map<java.lang.String, java.lang.String>)
[ INFO ] [2019-04-18 16:43:45] org.springframework.boot.actuate.endpoint.mvc.EndpointHandlerMapping [543] - Mapped "{[/loggers || /loggers.json],methods=[GET],produces=[application/vnd.spring-boot.actuator.v1+json || application/json]}" onto public java.lang.Object org.springframework.boot.actuate.endpoint.mvc.EndpointMvcAdapter.invoke()
[ INFO ] [2019-04-18 16:43:45] org.springframework.boot.actuate.endpoint.mvc.EndpointHandlerMapping [543] - Mapped "{[/service-registry/instance-status],methods=[GET]}" onto public org.springframework.http.ResponseEntity org.springframework.cloud.client.serviceregistry.endpoint.ServiceRegistryEndpoint.getStatus()
[ INFO ] [2019-04-18 16:43:45] org.springframework.boot.actuate.endpoint.mvc.EndpointHandlerMapping [543] - Mapped "{[/service-registry/instance-status],methods=[POST]}" onto public org.springframework.http.ResponseEntity<?> org.springframework.cloud.client.serviceregistry.endpoint.ServiceRegistryEndpoint.setStatus(java.lang.String)
[ INFO ] [2019-04-18 16:43:45] org.springframework.boot.actuate.endpoint.mvc.EndpointHandlerMapping [543] - Mapped "{[/heapdump || /heapdump.json],methods=[GET],produces=[application/octet-stream]}" onto public void org.springframework.boot.actuate.endpoint.mvc.HeapdumpMvcEndpoint.invoke(boolean,javax.servlet.http.HttpServletRequest,javax.servlet.http.HttpServletResponse) throws java.io.IOException,javax.servlet.ServletException
[ INFO ] [2019-04-18 16:43:45] org.springframework.boot.actuate.endpoint.mvc.EndpointHandlerMapping [543] - Mapped "{[/refresh || /refresh.json],methods=[POST]}" onto public java.lang.Object org.springframework.cloud.endpoint.GenericPostableMvcEndpoint.invoke()
[ INFO ] [2019-04-18 16:43:45] org.springframework.boot.actuate.endpoint.mvc.EndpointHandlerMapping [543] - Mapped "{[/archaius || /archaius.json],methods=[GET],produces=[application/vnd.spring-boot.actuator.v1+json || application/json]}" onto public java.lang.Object org.springframework.boot.actuate.endpoint.mvc.EndpointMvcAdapter.invoke()
[ INFO ] [2019-04-18 16:43:45] org.springframework.web.servlet.mvc.method.annotation.RequestMappingHandlerMapping [543] - Mapped "{[/error]}" onto public java.util.Map<java.lang.String, java.lang.Object> org.springframework.boot.actuate.endpoint.mvc.ManagementErrorEndpoint.invoke()
[ INFO ] [2019-04-18 16:43:45] org.springframework.web.servlet.handler.SimpleUrlHandlerMapping [362] - Mapped URL path [/webjars/**] onto handler of type [class org.springframework.web.servlet.resource.ResourceHttpRequestHandler]
[ INFO ] [2019-04-18 16:43:45] org.springframework.web.servlet.handler.SimpleUrlHandlerMapping [362] - Mapped URL path [/**] onto handler of type [class org.springframework.web.servlet.resource.ResourceHttpRequestHandler]
[ INFO ] [2019-04-18 16:43:45] org.springframework.web.servlet.mvc.method.annotation.RequestMappingHandlerAdapter [534] - Looking for @ControllerAdvice: org.springframework.boot.context.embedded.AnnotationConfigEmbeddedWebApplicationContext@12f279b5: startup date [Thu Apr 18 16:43:45 CST 2019]; parent: org.springframework.boot.context.embedded.AnnotationConfigEmbeddedWebApplicationContext@142269f2
[ INFO ] [2019-04-18 16:43:45] org.apache.coyote.http11.Http11NioProtocol [179] - Initializing ProtocolHandler ["http-nio-8281"]
[ INFO ] [2019-04-18 16:43:46] org.apache.coyote.http11.Http11NioProtocol [179] - Starting ProtocolHandler [http-nio-8281]
[ INFO ] [2019-04-18 16:43:46] org.apache.tomcat.util.net.NioSelectorPool [179] - Using a shared selector for servlet write/read
[ INFO ] [2019-04-18 16:43:46] org.springframework.boot.context.embedded.tomcat.TomcatEmbeddedServletContainer [198] - Tomcat started on port(s): 8281 (http)
[ INFO ] [2019-04-18 16:43:46] org.springframework.cloud.netflix.eureka.serviceregistry.EurekaAutoServiceRegistration [117] - Updating port to 8281
[ INFO ] [2019-04-18 16:43:46] org.springframework.cloud.netflix.eureka.InstanceInfoFactory [70] - Setting initial instance status as: STARTING
[ INFO ] [2019-04-18 16:43:46] com.netflix.discovery.DiscoveryClient [344] - Initializing Eureka in region us-east-1
[ INFO ] [2019-04-18 16:43:46] com.netflix.discovery.provider.DiscoveryJerseyProvider [70] - Using JSON encoding codec LegacyJacksonJson
[ INFO ] [2019-04-18 16:43:46] com.netflix.discovery.provider.DiscoveryJerseyProvider [71] - Using JSON decoding codec LegacyJacksonJson
[ INFO ] [2019-04-18 16:43:46] com.netflix.discovery.provider.DiscoveryJerseyProvider [80] - Using XML encoding codec XStreamXml
[ INFO ] [2019-04-18 16:43:46] com.netflix.discovery.provider.DiscoveryJerseyProvider [81] - Using XML decoding codec XStreamXml
[ INFO ] [2019-04-18 16:43:46] com.netflix.discovery.shared.resolver.aws.ConfigClusterResolver [43] - Resolving eureka endpoints via configuration
[ INFO ] [2019-04-18 16:43:47] com.netflix.discovery.DiscoveryClient [920] - Disable delta property : false
[ INFO ] [2019-04-18 16:43:47] com.netflix.discovery.DiscoveryClient [921] - Single vip registry refresh property : null
[ INFO ] [2019-04-18 16:43:47] com.netflix.discovery.DiscoveryClient [922] - Force full registry fetch : false
[ INFO ] [2019-04-18 16:43:47] com.netflix.discovery.DiscoveryClient [923] - Application is null : false
[ INFO ] [2019-04-18 16:43:47] com.netflix.discovery.DiscoveryClient [924] - Registered Applications size is zero : true
[ INFO ] [2019-04-18 16:43:47] com.netflix.discovery.DiscoveryClient [926] - Application version is -1: true
[ INFO ] [2019-04-18 16:43:47] com.netflix.discovery.DiscoveryClient [1009] - Getting all instance registry info from the eureka server
[ INFO ] [2019-04-18 16:43:47] com.netflix.discovery.DiscoveryClient [1018] - The response status is 200
[ INFO ] [2019-04-18 16:43:47] com.netflix.discovery.DiscoveryClient [1244] - Starting heartbeat executor: renew interval is: 30
[ INFO ] [2019-04-18 16:43:47] com.netflix.discovery.InstanceInfoReplicator [59] - InstanceInfoReplicator onDemand update allowed rate per min is 4
[ INFO ] [2019-04-18 16:43:47] com.netflix.discovery.DiscoveryClient [425] - Discovery Client initialized at timestamp 1555577027589 with initial instances count: 1
[ INFO ] [2019-04-18 16:43:47] org.springframework.cloud.netflix.eureka.serviceregistry.EurekaServiceRegistry [40] - Registering application TURBINE with eureka with status UP
[ INFO ] [2019-04-18 16:43:47] com.netflix.discovery.DiscoveryClient [1279] - Saw local status change event StatusChangeEvent [timestamp=1555577027639, current=UP, previous=STARTING]
[ INFO ] [2019-04-18 16:43:47] com.netflix.discovery.DiscoveryClient [795] - DiscoveryClient_TURBINE/reng-notes:TURBINE:8280: registering service...
[ INFO ] [2019-04-18 16:43:47] com.netflix.discovery.DiscoveryClient [804] - DiscoveryClient_TURBINE/reng-notes:TURBINE:8280 - registration status: 204
[ INFO ] [2019-04-18 16:43:48] org.springframework.context.support.DefaultLifecycleProcessor [343] - Starting beans in phase 0
[ INFO ] [2019-04-18 16:43:48] org.springframework.cloud.netflix.turbine.SpringAggregatorFactory [63] - Could not find monitors: []
[ INFO ] [2019-04-18 16:43:48] com.netflix.turbine.monitor.cluster.ClusterMonitor [232] - Registering event handler for cluster monitor: StaticListener_For_Aggregator
[ INFO ] [2019-04-18 16:43:48] com.netflix.turbine.handler.TurbineDataDispatcher [176] - 

Just added and starting handler tuple: StaticListener_For_Aggregator
[ INFO ] [2019-04-18 16:43:48] com.netflix.turbine.monitor.cluster.ClusterMonitor [234] - All event handlers for cluster monitor: [StaticListener_For_Aggregator]
[ INFO ] [2019-04-18 16:43:48] com.netflix.turbine.monitor.cluster.ClusterMonitor [149] - Starting up the cluster monitor for default_agg
[ INFO ] [2019-04-18 16:43:48] com.netflix.turbine.discovery.InstanceObservable [178] - Starting InstanceObservable at frequency: 60000 millis
[ INFO ] [2019-04-18 16:43:48] org.springframework.boot.actuate.endpoint.jmx.EndpointMBeanExporter [678] - Located managed bean 'auditEventsEndpoint': registering with JMX server as MBean [org.springframework.boot:type=Endpoint,name=auditEventsEndpoint]
[ INFO ] [2019-04-18 16:43:48] org.springframework.cloud.netflix.turbine.CommonsInstanceDiscovery [102] - Fetching instance list for apps: [PRODUCTSERVICE]
[ INFO ] [2019-04-18 16:43:48] org.springframework.cloud.netflix.turbine.EurekaInstanceDiscovery [69] - Fetching instances for app: PRODUCTSERVICE
[ WARN ] [2019-04-18 16:43:48] org.springframework.cloud.netflix.turbine.EurekaInstanceDiscovery [72] - Eureka returned null for app: PRODUCTSERVICE
[ INFO ] [2019-04-18 16:43:48] com.netflix.turbine.discovery.InstanceObservable [260] - Retrieved hosts from InstanceDiscovery: 0
[ INFO ] [2019-04-18 16:43:48] com.netflix.turbine.discovery.InstanceObservable [272] - Found hosts that have been previously terminated: 0
[ INFO ] [2019-04-18 16:43:48] com.netflix.turbine.discovery.InstanceObservable [289] - Hosts up:0, hosts down: 0
[ INFO ] [2019-04-18 16:43:48] org.springframework.boot.actuate.endpoint.jmx.EndpointMBeanExporter [678] - Located managed bean 'archaiusEndpoint': registering with JMX server as MBean [org.springframework.boot:type=Endpoint,name=archaiusEndpoint]
[ INFO ] [2019-04-18 16:43:48] org.springframework.boot.actuate.endpoint.jmx.EndpointMBeanExporter [678] - Located managed bean 'featuresEndpoint': registering with JMX server as MBean [org.springframework.boot:type=Endpoint,name=featuresEndpoint]
[ INFO ] [2019-04-18 16:43:48] org.springframework.boot.actuate.endpoint.jmx.EndpointMBeanExporter [678] - Located managed bean 'requestMappingEndpoint': registering with JMX server as MBean [org.springframework.boot:type=Endpoint,name=requestMappingEndpoint]
[ INFO ] [2019-04-18 16:43:48] org.springframework.boot.actuate.endpoint.jmx.EndpointMBeanExporter [678] - Located managed bean 'environmentEndpoint': registering with JMX server as MBean [org.springframework.boot:type=Endpoint,name=environmentEndpoint]
[ INFO ] [2019-04-18 16:43:48] org.springframework.boot.actuate.endpoint.jmx.EndpointMBeanExporter [678] - Located managed bean 'healthEndpoint': registering with JMX server as MBean [org.springframework.boot:type=Endpoint,name=healthEndpoint]
[ INFO ] [2019-04-18 16:43:48] org.springframework.boot.actuate.endpoint.jmx.EndpointMBeanExporter [678] - Located managed bean 'beansEndpoint': registering with JMX server as MBean [org.springframework.boot:type=Endpoint,name=beansEndpoint]
[ INFO ] [2019-04-18 16:43:48] org.springframework.boot.actuate.endpoint.jmx.EndpointMBeanExporter [678] - Located managed bean 'infoEndpoint': registering with JMX server as MBean [org.springframework.boot:type=Endpoint,name=infoEndpoint]
[ INFO ] [2019-04-18 16:43:48] org.springframework.boot.actuate.endpoint.jmx.EndpointMBeanExporter [678] - Located managed bean 'loggersEndpoint': registering with JMX server as MBean [org.springframework.boot:type=Endpoint,name=loggersEndpoint]
[ INFO ] [2019-04-18 16:43:48] org.springframework.boot.actuate.endpoint.jmx.EndpointMBeanExporter [678] - Located managed bean 'metricsEndpoint': registering with JMX server as MBean [org.springframework.boot:type=Endpoint,name=metricsEndpoint]
[ INFO ] [2019-04-18 16:43:48] org.springframework.boot.actuate.endpoint.jmx.EndpointMBeanExporter [678] - Located managed bean 'traceEndpoint': registering with JMX server as MBean [org.springframework.boot:type=Endpoint,name=traceEndpoint]
[ INFO ] [2019-04-18 16:43:48] org.springframework.boot.actuate.endpoint.jmx.EndpointMBeanExporter [678] - Located managed bean 'dumpEndpoint': registering with JMX server as MBean [org.springframework.boot:type=Endpoint,name=dumpEndpoint]
[ INFO ] [2019-04-18 16:43:48] org.springframework.boot.actuate.endpoint.jmx.EndpointMBeanExporter [678] - Located managed bean 'autoConfigurationReportEndpoint': registering with JMX server as MBean [org.springframework.boot:type=Endpoint,name=autoConfigurationReportEndpoint]
[ INFO ] [2019-04-18 16:43:48] org.springframework.boot.actuate.endpoint.jmx.EndpointMBeanExporter [678] - Located managed bean 'configurationPropertiesReportEndpoint': registering with JMX server as MBean [org.springframework.boot:type=Endpoint,name=configurationPropertiesReportEndpoint]
[ INFO ] [2019-04-18 16:43:48] org.apache.coyote.http11.Http11NioProtocol [179] - Initializing ProtocolHandler ["http-nio-8280"]
[ INFO ] [2019-04-18 16:43:48] org.apache.coyote.http11.Http11NioProtocol [179] - Starting ProtocolHandler [http-nio-8280]
[ INFO ] [2019-04-18 16:43:48] org.apache.tomcat.util.net.NioSelectorPool [179] - Using a shared selector for servlet write/read
[ INFO ] [2019-04-18 16:43:48] org.springframework.boot.context.embedded.tomcat.TomcatEmbeddedServletContainer [198] - Tomcat started on port(s): 8280 (http)
[ INFO ] [2019-04-18 16:43:48] com.iiit.train.springcloud.Application [57] - Started Application in 12.738 seconds (JVM running for 14.036)
[ INFO ] [2019-04-18 16:44:48] org.springframework.cloud.netflix.turbine.CommonsInstanceDiscovery [102] - Fetching instance list for apps: [PRODUCTSERVICE]
[ INFO ] [2019-04-18 16:44:48] org.springframework.cloud.netflix.turbine.EurekaInstanceDiscovery [69] - Fetching instances for app: PRODUCTSERVICE
[ INFO ] [2019-04-18 16:44:48] org.springframework.cloud.netflix.turbine.EurekaInstanceDiscovery [78] - Received instance list for app: PRODUCTSERVICE, size=1
[ INFO ] [2019-04-18 16:44:48] com.netflix.turbine.discovery.InstanceObservable [260] - Retrieved hosts from InstanceDiscovery: 1
[ INFO ] [2019-04-18 16:44:48] com.netflix.turbine.discovery.InstanceObservable [272] - Found hosts that have been previously terminated: 0
[ INFO ] [2019-04-18 16:44:48] com.netflix.turbine.discovery.InstanceObservable [289] - Hosts up:1, hosts down: 0
[ INFO ] [2019-04-18 16:44:48] com.netflix.turbine.monitor.instance.InstanceMonitor [186] - Url for host: http://reng-notes:2200/hystrix.stream default
[ INFO ] [2019-04-18 16:44:48] com.netflix.turbine.handler.TurbineDataDispatcher [176] - 

Just added and starting handler tuple: default_agg_aggClusterEventHandler
[ INFO ] [2019-04-18 16:44:48] com.netflix.turbine.data.AggDataFromCluster [229] - Per handler dispacher started for: default_agg_aggClusterEventHandler
[ INFO ] [2019-04-18 16:45:48] org.springframework.cloud.netflix.turbine.CommonsInstanceDiscovery [102] - Fetching instance list for apps: [PRODUCTSERVICE]
[ INFO ] [2019-04-18 16:45:48] org.springframework.cloud.netflix.turbine.EurekaInstanceDiscovery [69] - Fetching instances for app: PRODUCTSERVICE
[ INFO ] [2019-04-18 16:45:48] org.springframework.cloud.netflix.turbine.EurekaInstanceDiscovery [78] - Received instance list for app: PRODUCTSERVICE, size=1
[ INFO ] [2019-04-18 16:45:48] com.netflix.turbine.discovery.InstanceObservable [260] - Retrieved hosts from InstanceDiscovery: 1
[ INFO ] [2019-04-18 16:45:48] com.netflix.turbine.discovery.InstanceObservable [272] - Found hosts that have been previously terminated: 0
[ INFO ] [2019-04-18 16:45:48] com.netflix.turbine.discovery.InstanceObservable [289] - Hosts up:1, hosts down: 0
[ INFO ] [2019-04-18 16:46:48] org.springframework.cloud.netflix.turbine.CommonsInstanceDiscovery [102] - Fetching instance list for apps: [PRODUCTSERVICE]
[ INFO ] [2019-04-18 16:46:48] org.springframework.cloud.netflix.turbine.EurekaInstanceDiscovery [69] - Fetching instances for app: PRODUCTSERVICE
[ INFO ] [2019-04-18 16:46:48] org.springframework.cloud.netflix.turbine.EurekaInstanceDiscovery [78] - Received instance list for app: PRODUCTSERVICE, size=1
[ INFO ] [2019-04-18 16:46:48] com.netflix.turbine.discovery.InstanceObservable [260] - Retrieved hosts from InstanceDiscovery: 1
[ INFO ] [2019-04-18 16:46:48] com.netflix.turbine.discovery.InstanceObservable [272] - Found hosts that have been previously terminated: 0
[ INFO ] [2019-04-18 16:46:48] com.netflix.turbine.discovery.InstanceObservable [289] - Hosts up:1, hosts down: 0
[ INFO ] [2019-04-18 16:47:48] org.springframework.cloud.netflix.turbine.CommonsInstanceDiscovery [102] - Fetching instance list for apps: [PRODUCTSERVICE]
[ INFO ] [2019-04-18 16:47:48] org.springframework.cloud.netflix.turbine.EurekaInstanceDiscovery [69] - Fetching instances for app: PRODUCTSERVICE
[ INFO ] [2019-04-18 16:47:48] org.springframework.cloud.netflix.turbine.EurekaInstanceDiscovery [78] - Received instance list for app: PRODUCTSERVICE, size=1
[ INFO ] [2019-04-18 16:47:48] com.netflix.turbine.discovery.InstanceObservable [260] - Retrieved hosts from InstanceDiscovery: 1
[ INFO ] [2019-04-18 16:47:48] com.netflix.turbine.discovery.InstanceObservable [272] - Found hosts that have been previously terminated: 0
[ INFO ] [2019-04-18 16:47:48] com.netflix.turbine.discovery.InstanceObservable [289] - Hosts up:1, hosts down: 0
[ INFO ] [2019-04-18 16:48:47] com.netflix.discovery.shared.resolver.aws.ConfigClusterResolver [43] - Resolving eureka endpoints via configuration
[ INFO ] [2019-04-18 16:48:48] org.springframework.cloud.netflix.turbine.CommonsInstanceDiscovery [102] - Fetching instance list for apps: [PRODUCTSERVICE]
[ INFO ] [2019-04-18 16:48:48] org.springframework.cloud.netflix.turbine.EurekaInstanceDiscovery [69] - Fetching instances for app: PRODUCTSERVICE
[ INFO ] [2019-04-18 16:48:48] org.springframework.cloud.netflix.turbine.EurekaInstanceDiscovery [78] - Received instance list for app: PRODUCTSERVICE, size=1
[ INFO ] [2019-04-18 16:48:48] com.netflix.turbine.discovery.InstanceObservable [260] - Retrieved hosts from InstanceDiscovery: 1
[ INFO ] [2019-04-18 16:48:48] com.netflix.turbine.discovery.InstanceObservable [272] - Found hosts that have been previously terminated: 0
[ INFO ] [2019-04-18 16:48:48] com.netflix.turbine.discovery.InstanceObservable [289] - Hosts up:1, hosts down: 0
[ INFO ] [2019-04-18 16:49:48] org.springframework.cloud.netflix.turbine.CommonsInstanceDiscovery [102] - Fetching instance list for apps: [PRODUCTSERVICE]
[ INFO ] [2019-04-18 16:49:48] org.springframework.cloud.netflix.turbine.EurekaInstanceDiscovery [69] - Fetching instances for app: PRODUCTSERVICE
[ INFO ] [2019-04-18 16:49:48] org.springframework.cloud.netflix.turbine.EurekaInstanceDiscovery [78] - Received instance list for app: PRODUCTSERVICE, size=1
[ INFO ] [2019-04-18 16:49:48] com.netflix.turbine.discovery.InstanceObservable [260] - Retrieved hosts from InstanceDiscovery: 1
[ INFO ] [2019-04-18 16:49:48] com.netflix.turbine.discovery.InstanceObservable [272] - Found hosts that have been previously terminated: 0
[ INFO ] [2019-04-18 16:49:48] com.netflix.turbine.discovery.InstanceObservable [289] - Hosts up:1, hosts down: 0
[ INFO ] [2019-04-18 16:50:48] org.springframework.cloud.netflix.turbine.CommonsInstanceDiscovery [102] - Fetching instance list for apps: [PRODUCTSERVICE]
[ INFO ] [2019-04-18 16:50:48] org.springframework.cloud.netflix.turbine.EurekaInstanceDiscovery [69] - Fetching instances for app: PRODUCTSERVICE
[ INFO ] [2019-04-18 16:50:48] org.springframework.cloud.netflix.turbine.EurekaInstanceDiscovery [78] - Received instance list for app: PRODUCTSERVICE, size=1
[ INFO ] [2019-04-18 16:50:48] com.netflix.turbine.discovery.InstanceObservable [260] - Retrieved hosts from InstanceDiscovery: 1
[ INFO ] [2019-04-18 16:50:48] com.netflix.turbine.discovery.InstanceObservable [272] - Found hosts that have been previously terminated: 0
[ INFO ] [2019-04-18 16:50:48] com.netflix.turbine.discovery.InstanceObservable [289] - Hosts up:1, hosts down: 0
[ INFO ] [2019-04-18 16:51:34] com.netflix.turbine.streaming.servlet.TurbineStreamServlet [79] - FilterCriteria: []
[ INFO ] [2019-04-18 16:51:34] com.netflix.turbine.streaming.servlet.TurbineStreamServlet [79] - FilterCriteria: []
[ INFO ] [2019-04-18 16:51:34] com.netflix.turbine.streaming.servlet.TurbineStreamServlet [81] - StatsType filters: []
[ INFO ] [2019-04-18 16:51:34] com.netflix.turbine.streaming.servlet.TurbineStreamServlet [81] - StatsType filters: []
[ INFO ] [2019-04-18 16:51:34] com.netflix.turbine.streaming.TurbineStreamingConnection [155] - Relevance config: []
[ INFO ] [2019-04-18 16:51:34] com.netflix.turbine.streaming.TurbineStreamingConnection [155] - Relevance config: []
[ INFO ] [2019-04-18 16:51:34] com.netflix.turbine.streaming.TurbineStreamingConnection [159] - Relevance metrics config: {}
[ INFO ] [2019-04-18 16:51:34] com.netflix.turbine.streaming.TurbineStreamingConnection [159] - Relevance metrics config: {}
[ INFO ] [2019-04-18 16:51:34] com.netflix.turbine.monitor.cluster.ClusterMonitor [232] - Registering event handler for cluster monitor: StreamingHandler_bd6aace2-f9cd-4632-8cbf-fca5e2b8e8a6
[ INFO ] [2019-04-18 16:51:34] com.netflix.turbine.monitor.cluster.ClusterMonitor [232] - Registering event handler for cluster monitor: StreamingHandler_30655173-c46a-4bb7-87e2-6209da19f9f8
[ INFO ] [2019-04-18 16:51:34] com.netflix.turbine.handler.TurbineDataDispatcher [176] - 

Just added and starting handler tuple: StreamingHandler_bd6aace2-f9cd-4632-8cbf-fca5e2b8e8a6
[ INFO ] [2019-04-18 16:51:34] com.netflix.turbine.handler.TurbineDataDispatcher [176] - 

Just added and starting handler tuple: StreamingHandler_30655173-c46a-4bb7-87e2-6209da19f9f8
[ INFO ] [2019-04-18 16:51:34] com.netflix.turbine.data.AggDataFromCluster [229] - Per handler dispacher started for: StreamingHandler_bd6aace2-f9cd-4632-8cbf-fca5e2b8e8a6
[ INFO ] [2019-04-18 16:51:34] com.netflix.turbine.data.AggDataFromCluster [229] - Per handler dispacher started for: StreamingHandler_30655173-c46a-4bb7-87e2-6209da19f9f8
[ INFO ] [2019-04-18 16:51:34] com.netflix.turbine.monitor.cluster.ClusterMonitor [234] - All event handlers for cluster monitor: [StaticListener_For_Aggregator, StreamingHandler_bd6aace2-f9cd-4632-8cbf-fca5e2b8e8a6, StreamingHandler_30655173-c46a-4bb7-87e2-6209da19f9f8]
[ INFO ] [2019-04-18 16:51:34] com.netflix.turbine.monitor.cluster.ClusterMonitor [234] - All event handlers for cluster monitor: [StaticListener_For_Aggregator, StreamingHandler_bd6aace2-f9cd-4632-8cbf-fca5e2b8e8a6, StreamingHandler_30655173-c46a-4bb7-87e2-6209da19f9f8]
[ INFO ] [2019-04-18 16:51:34] com.netflix.turbine.monitor.cluster.ClusterMonitor [149] - Starting up the cluster monitor for default_agg
[ INFO ] [2019-04-18 16:51:34] com.netflix.turbine.monitor.cluster.ClusterMonitor [149] - Starting up the cluster monitor for default_agg
[ INFO ] [2019-04-18 16:51:48] org.springframework.cloud.netflix.turbine.CommonsInstanceDiscovery [102] - Fetching instance list for apps: [PRODUCTSERVICE]
[ INFO ] [2019-04-18 16:51:48] org.springframework.cloud.netflix.turbine.EurekaInstanceDiscovery [69] - Fetching instances for app: PRODUCTSERVICE
[ INFO ] [2019-04-18 16:51:48] org.springframework.cloud.netflix.turbine.EurekaInstanceDiscovery [78] - Received instance list for app: PRODUCTSERVICE, size=1
[ INFO ] [2019-04-18 16:51:48] com.netflix.turbine.discovery.InstanceObservable [260] - Retrieved hosts from InstanceDiscovery: 1
[ INFO ] [2019-04-18 16:51:48] com.netflix.turbine.discovery.InstanceObservable [272] - Found hosts that have been previously terminated: 0
[ INFO ] [2019-04-18 16:51:48] com.netflix.turbine.discovery.InstanceObservable [289] - Hosts up:1, hosts down: 0
[ INFO ] [2019-04-18 16:52:11] com.netflix.turbine.streaming.servlet.TurbineStreamServlet [79] - FilterCriteria: []
[ INFO ] [2019-04-18 16:52:11] com.netflix.turbine.streaming.servlet.TurbineStreamServlet [79] - FilterCriteria: []
[ INFO ] [2019-04-18 16:52:11] com.netflix.turbine.streaming.servlet.TurbineStreamServlet [81] - StatsType filters: []
[ INFO ] [2019-04-18 16:52:11] com.netflix.turbine.streaming.servlet.TurbineStreamServlet [81] - StatsType filters: []
[ INFO ] [2019-04-18 16:52:11] com.netflix.turbine.streaming.TurbineStreamingConnection [155] - Relevance config: []
[ INFO ] [2019-04-18 16:52:11] com.netflix.turbine.streaming.TurbineStreamingConnection [155] - Relevance config: []
[ INFO ] [2019-04-18 16:52:11] com.netflix.turbine.streaming.TurbineStreamingConnection [159] - Relevance metrics config: {}
[ INFO ] [2019-04-18 16:52:11] com.netflix.turbine.streaming.TurbineStreamingConnection [159] - Relevance metrics config: {}
[ INFO ] [2019-04-18 16:52:11] com.netflix.turbine.monitor.cluster.ClusterMonitor [232] - Registering event handler for cluster monitor: StreamingHandler_acedba4a-b9aa-41be-9fa3-9dfb468ba076
[ INFO ] [2019-04-18 16:52:11] com.netflix.turbine.monitor.cluster.ClusterMonitor [232] - Registering event handler for cluster monitor: StreamingHandler_7252aa60-f433-4065-a27c-060e5b7ad317
[ INFO ] [2019-04-18 16:52:11] com.netflix.turbine.handler.TurbineDataDispatcher [176] - 

Just added and starting handler tuple: StreamingHandler_acedba4a-b9aa-41be-9fa3-9dfb468ba076
[ INFO ] [2019-04-18 16:52:11] com.netflix.turbine.handler.TurbineDataDispatcher [176] - 

Just added and starting handler tuple: StreamingHandler_7252aa60-f433-4065-a27c-060e5b7ad317
[ INFO ] [2019-04-18 16:52:11] com.netflix.turbine.data.AggDataFromCluster [229] - Per handler dispacher started for: StreamingHandler_acedba4a-b9aa-41be-9fa3-9dfb468ba076
[ INFO ] [2019-04-18 16:52:11] com.netflix.turbine.data.AggDataFromCluster [229] - Per handler dispacher started for: StreamingHandler_7252aa60-f433-4065-a27c-060e5b7ad317
[ INFO ] [2019-04-18 16:52:11] com.netflix.turbine.monitor.cluster.ClusterMonitor [234] - All event handlers for cluster monitor: [StaticListener_For_Aggregator, StreamingHandler_bd6aace2-f9cd-4632-8cbf-fca5e2b8e8a6, StreamingHandler_30655173-c46a-4bb7-87e2-6209da19f9f8, StreamingHandler_7252aa60-f433-4065-a27c-060e5b7ad317, StreamingHandler_acedba4a-b9aa-41be-9fa3-9dfb468ba076]
[ INFO ] [2019-04-18 16:52:11] com.netflix.turbine.monitor.cluster.ClusterMonitor [234] - All event handlers for cluster monitor: [StaticListener_For_Aggregator, StreamingHandler_bd6aace2-f9cd-4632-8cbf-fca5e2b8e8a6, StreamingHandler_30655173-c46a-4bb7-87e2-6209da19f9f8, StreamingHandler_7252aa60-f433-4065-a27c-060e5b7ad317, StreamingHandler_acedba4a-b9aa-41be-9fa3-9dfb468ba076]
[ INFO ] [2019-04-18 16:52:11] com.netflix.turbine.monitor.cluster.ClusterMonitor [149] - Starting up the cluster monitor for default_agg
[ INFO ] [2019-04-18 16:52:11] com.netflix.turbine.monitor.cluster.ClusterMonitor [149] - Starting up the cluster monitor for default_agg
[ INFO ] [2019-04-18 16:52:16] com.netflix.turbine.streaming.servlet.TurbineStreamServlet [137] - 



RETURNING FROM waitOnConnection: StreamingHandler_30655173-c46a-4bb7-87e2-6209da19f9f8
[ INFO ] [2019-04-18 16:52:16] com.netflix.turbine.handler.TurbineDataDispatcher [193] - Removing event handler: StreamingHandler_30655173-c46a-4bb7-87e2-6209da19f9f8
[ INFO ] [2019-04-18 16:52:16] com.netflix.turbine.utils.WorkerThread [156] - Worker got interrupted, shutting down
[ INFO ] [2019-04-18 16:52:16] com.netflix.turbine.streaming.servlet.TurbineStreamServlet [137] - 



RETURNING FROM waitOnConnection: StreamingHandler_bd6aace2-f9cd-4632-8cbf-fca5e2b8e8a6
[ INFO ] [2019-04-18 16:52:16] com.netflix.turbine.handler.TurbineDataDispatcher [193] - Removing event handler: StreamingHandler_bd6aace2-f9cd-4632-8cbf-fca5e2b8e8a6
[ INFO ] [2019-04-18 16:52:16] com.netflix.turbine.utils.WorkerThread [156] - Worker got interrupted, shutting down
[ INFO ] [2019-04-18 16:52:16] com.netflix.turbine.data.AggDataFromCluster [132] - 

Removing tuple for : StreamingHandler_30655173-c46a-4bb7-87e2-6209da19f9f8 tuple running: false
[ INFO ] [2019-04-18 16:52:16] com.netflix.turbine.handler.TurbineDataDispatcher [200] -  tuples : [StaticListener_For_Aggregator, StreamingHandler_bd6aace2-f9cd-4632-8cbf-fca5e2b8e8a6, StreamingHandler_7252aa60-f433-4065-a27c-060e5b7ad317, StreamingHandler_acedba4a-b9aa-41be-9fa3-9dfb468ba076]
[ INFO ] [2019-04-18 16:52:16] com.netflix.turbine.handler.TurbineDataDispatcher [201] - Removed handler queue tuple for handler: HandlerQueueTuple [eventHandler=com.netflix.turbine.streaming.TurbineStreamingConnection@2bb10a60]
[ INFO ] [2019-04-18 16:52:16] com.netflix.turbine.data.AggDataFromCluster [132] - 

Removing tuple for : StreamingHandler_bd6aace2-f9cd-4632-8cbf-fca5e2b8e8a6 tuple running: false
[ INFO ] [2019-04-18 16:52:16] com.netflix.turbine.handler.TurbineDataDispatcher [200] -  tuples : [StaticListener_For_Aggregator, StreamingHandler_7252aa60-f433-4065-a27c-060e5b7ad317, StreamingHandler_acedba4a-b9aa-41be-9fa3-9dfb468ba076]
[ INFO ] [2019-04-18 16:52:16] com.netflix.turbine.handler.TurbineDataDispatcher [201] - Removed handler queue tuple for handler: HandlerQueueTuple [eventHandler=com.netflix.turbine.streaming.TurbineStreamingConnection@5c8ea81]
