[ INFO ] [2019-04-18 20:10:47] org.springframework.context.annotation.AnnotationConfigApplicationContext [582] - Refreshing org.springframework.context.annotation.AnnotationConfigApplicationContext@4c60d6e9: startup date [Thu Apr 18 20:10:47 CST 2019]; root of context hierarchy
[ INFO ] [2019-04-18 20:10:48] org.springframework.beans.factory.annotation.AutowiredAnnotationBeanPostProcessor [155] - JSR-330 'javax.inject.Inject' annotation found and supported for autowiring
[ INFO ] [2019-04-18 20:10:48] org.springframework.context.support.PostProcessorRegistrationDelegate$BeanPostProcessorChecker [325] - Bean 'configurationPropertiesRebinderAutoConfiguration' of type [org.springframework.cloud.autoconfigure.ConfigurationPropertiesRebinderAutoConfiguration$$EnhancerBySpringCGLIB$$ad8450ec] is not eligible for getting processed by all BeanPostProcessors (for example: not eligible for auto-proxying)
[ INFO ] [2019-04-18 20:10:52] com.iiit.train.springcloud.Application [637] - No active profile set, falling back to default profiles: default
[ INFO ] [2019-04-18 20:10:52] org.springframework.boot.context.embedded.AnnotationConfigEmbeddedWebApplicationContext [582] - Refreshing org.springframework.boot.context.embedded.AnnotationConfigEmbeddedWebApplicationContext@34a97744: startup date [Thu Apr 18 20:10:52 CST 2019]; parent: org.springframework.context.annotation.AnnotationConfigApplicationContext@4c60d6e9
[ INFO ] [2019-04-18 20:10:54] org.springframework.cloud.context.scope.GenericScope [263] - BeanFactory id=4638c83c-637f-3c78-a131-b8193c6e8b88
[ INFO ] [2019-04-18 20:10:54] org.springframework.beans.factory.annotation.AutowiredAnnotationBeanPostProcessor [155] - JSR-330 'javax.inject.Inject' annotation found and supported for autowiring
[ INFO ] [2019-04-18 20:10:54] org.springframework.context.support.PostProcessorRegistrationDelegate$BeanPostProcessorChecker [325] - Bean 'com.iiit.train.springcloud.product.service.UserService' of type [org.springframework.cloud.netflix.feign.FeignClientFactoryBean] is not eligible for getting processed by all BeanPostProcessors (for example: not eligible for auto-proxying)
[ INFO ] [2019-04-18 20:10:54] org.springframework.context.support.PostProcessorRegistrationDelegate$BeanPostProcessorChecker [325] - Bean 'org.springframework.cloud.sleuth.instrument.async.AsyncDefaultAutoConfiguration$DefaultAsyncConfigurerSupport' of type [org.springframework.cloud.sleuth.instrument.async.AsyncDefaultAutoConfiguration$DefaultAsyncConfigurerSupport$$EnhancerBySpringCGLIB$$ceabebb2] is not eligible for getting processed by all BeanPostProcessors (for example: not eligible for auto-proxying)
[ INFO ] [2019-04-18 20:10:54] org.springframework.context.support.PostProcessorRegistrationDelegate$BeanPostProcessorChecker [325] - Bean 'org.springframework.cloud.sleuth.annotation.SleuthAnnotationAutoConfiguration' of type [org.springframework.cloud.sleuth.annotation.SleuthAnnotationAutoConfiguration$$EnhancerBySpringCGLIB$$93cf9421] is not eligible for getting processed by all BeanPostProcessors (for example: not eligible for auto-proxying)
[ INFO ] [2019-04-18 20:10:55] org.springframework.context.support.PostProcessorRegistrationDelegate$BeanPostProcessorChecker [325] - Bean 'sleuthAdvisorConfig' of type [org.springframework.cloud.sleuth.annotation.SleuthAdvisorConfig] is not eligible for getting processed by all BeanPostProcessors (for example: not eligible for auto-proxying)
[ INFO ] [2019-04-18 20:10:55] org.springframework.context.support.PostProcessorRegistrationDelegate$BeanPostProcessorChecker [325] - Bean 'org.springframework.transaction.annotation.ProxyTransactionManagementConfiguration' of type [org.springframework.transaction.annotation.ProxyTransactionManagementConfiguration$$EnhancerBySpringCGLIB$$916a4def] is not eligible for getting processed by all BeanPostProcessors (for example: not eligible for auto-proxying)
[ INFO ] [2019-04-18 20:10:55] org.springframework.context.support.PostProcessorRegistrationDelegate$BeanPostProcessorChecker [325] - Bean 'org.springframework.cloud.autoconfigure.ConfigurationPropertiesRebinderAutoConfiguration' of type [org.springframework.cloud.autoconfigure.ConfigurationPropertiesRebinderAutoConfiguration$$EnhancerBySpringCGLIB$$ad8450ec] is not eligible for getting processed by all BeanPostProcessors (for example: not eligible for auto-proxying)
[ INFO ] [2019-04-18 20:10:55] org.springframework.context.support.PostProcessorRegistrationDelegate$BeanPostProcessorChecker [325] - Bean 'org.springframework.cloud.sleuth.instrument.web.client.feign.TraceFeignClientAutoConfiguration$FeignBeanPostProcessorConfiguration' of type [org.springframework.cloud.sleuth.instrument.web.client.feign.TraceFeignClientAutoConfiguration$FeignBeanPostProcessorConfiguration$$EnhancerBySpringCGLIB$$d0fc26b5] is not eligible for getting processed by all BeanPostProcessors (for example: not eligible for auto-proxying)
[ INFO ] [2019-04-18 20:10:55] org.springframework.context.support.PostProcessorRegistrationDelegate$BeanPostProcessorChecker [325] - Bean 'org.springframework.cloud.sleuth.instrument.async.AsyncDefaultAutoConfiguration' of type [org.springframework.cloud.sleuth.instrument.async.AsyncDefaultAutoConfiguration$$EnhancerBySpringCGLIB$$794dfa0e] is not eligible for getting processed by all BeanPostProcessors (for example: not eligible for auto-proxying)
[ INFO ] [2019-04-18 20:10:57] org.springframework.boot.context.embedded.tomcat.TomcatEmbeddedServletContainer [89] - Tomcat initialized with port(s): 2200 (http)
[ INFO ] [2019-04-18 20:10:57] org.apache.catalina.core.StandardService [179] - Starting service Tomcat
[ INFO ] [2019-04-18 20:10:57] org.apache.catalina.core.StandardEngine [179] - Starting Servlet Engine: Apache Tomcat/8.5.11
[ INFO ] [2019-04-18 20:10:57] org.apache.catalina.core.ContainerBase.[Tomcat].[localhost].[/] [179] - Initializing Spring embedded WebApplicationContext
[ INFO ] [2019-04-18 20:10:57] org.springframework.web.context.ContextLoader [276] - Root WebApplicationContext: initialization completed in 5088 ms
[ INFO ] [2019-04-18 20:10:58] org.springframework.boot.web.servlet.FilterRegistrationBean [258] - Mapping filter: 'characterEncodingFilter' to: [/*]
[ INFO ] [2019-04-18 20:10:58] org.springframework.boot.web.servlet.FilterRegistrationBean [258] - Mapping filter: 'traceFilter' to: [/*]
[ INFO ] [2019-04-18 20:10:58] org.springframework.boot.web.servlet.FilterRegistrationBean [258] - Mapping filter: 'hiddenHttpMethodFilter' to: [/*]
[ INFO ] [2019-04-18 20:10:58] org.springframework.boot.web.servlet.FilterRegistrationBean [258] - Mapping filter: 'httpPutFormContentFilter' to: [/*]
[ INFO ] [2019-04-18 20:10:58] org.springframework.boot.web.servlet.FilterRegistrationBean [258] - Mapping filter: 'requestContextFilter' to: [/*]
[ INFO ] [2019-04-18 20:10:58] org.springframework.boot.web.servlet.ServletRegistrationBean [190] - Mapping servlet: 'dispatcherServlet' to [/]
[ INFO ] [2019-04-18 20:10:59] org.springframework.jdbc.datasource.init.ScriptUtils [442] - Executing SQL script from URL [file:/E:/Eclipse/Eclipse-iiit-train-springcloud/iiit-train-springcloud/130--sleuth/product-service/target/classes/schema.sql]
[ INFO ] [2019-04-18 20:10:59] org.springframework.jdbc.datasource.init.ScriptUtils [508] - Executed SQL script from URL [file:/E:/Eclipse/Eclipse-iiit-train-springcloud/iiit-train-springcloud/130--sleuth/product-service/target/classes/schema.sql] in 33 ms.
[ INFO ] [2019-04-18 20:10:59] org.springframework.jdbc.datasource.init.ScriptUtils [442] - Executing SQL script from URL [file:/E:/Eclipse/Eclipse-iiit-train-springcloud/iiit-train-springcloud/130--sleuth/product-service/target/classes/data.sql]
[ INFO ] [2019-04-18 20:10:59] org.springframework.jdbc.datasource.init.ScriptUtils [508] - Executed SQL script from URL [file:/E:/Eclipse/Eclipse-iiit-train-springcloud/iiit-train-springcloud/130--sleuth/product-service/target/classes/data.sql] in 24 ms.
[ INFO ] [2019-04-18 20:10:59] org.springframework.orm.jpa.LocalContainerEntityManagerFactoryBean [349] - Building JPA container EntityManagerFactory for persistence unit 'default'
[ INFO ] [2019-04-18 20:10:59] org.hibernate.jpa.internal.util.LogHelper [31] - HHH000204: Processing PersistenceUnitInfo [
	name: default
	...]
[ INFO ] [2019-04-18 20:10:59] org.hibernate.Version [37] - HHH000412: Hibernate Core {5.0.12.Final}
[ INFO ] [2019-04-18 20:10:59] org.hibernate.cfg.Environment [213] - HHH000206: hibernate.properties not found
[ INFO ] [2019-04-18 20:10:59] org.hibernate.cfg.Environment [317] - HHH000021: Bytecode provider name : javassist
[ INFO ] [2019-04-18 20:10:59] org.hibernate.annotations.common.Version [66] - HCANN000001: Hibernate Commons Annotations {5.0.1.Final}
[ INFO ] [2019-04-18 20:11:00] org.hibernate.dialect.Dialect [156] - HHH000400: Using dialect: org.hibernate.dialect.H2Dialect
[ INFO ] [2019-04-18 20:11:01] org.springframework.orm.jpa.LocalContainerEntityManagerFactoryBean [379] - Initialized JPA EntityManagerFactory for persistence unit 'default'
[ INFO ] [2019-04-18 20:11:02] org.springframework.context.annotation.AnnotationConfigApplicationContext [582] - Refreshing org.springframework.context.annotation.AnnotationConfigApplicationContext@2e4b5da1: startup date [Thu Apr 18 20:11:02 CST 2019]; parent: org.springframework.boot.context.embedded.AnnotationConfigEmbeddedWebApplicationContext@34a97744
[ INFO ] [2019-04-18 20:11:02] org.springframework.beans.factory.annotation.AutowiredAnnotationBeanPostProcessor [155] - JSR-330 'javax.inject.Inject' annotation found and supported for autowiring
[ WARN ] [2019-04-18 20:11:05] com.netflix.config.sources.URLConfigurationSource [121] - No URLs will be polled as dynamic configuration sources.
[ INFO ] [2019-04-18 20:11:05] com.netflix.config.sources.URLConfigurationSource [122] - To enable URLs as dynamic configuration sources, define System property archaius.configurationSource.additionalUrls or make config.properties available on classpath.
[ WARN ] [2019-04-18 20:11:05] com.netflix.config.sources.URLConfigurationSource [121] - No URLs will be polled as dynamic configuration sources.
[ INFO ] [2019-04-18 20:11:05] com.netflix.config.sources.URLConfigurationSource [122] - To enable URLs as dynamic configuration sources, define System property archaius.configurationSource.additionalUrls or make config.properties available on classpath.
[ INFO ] [2019-04-18 20:11:06] org.springframework.web.servlet.mvc.method.annotation.RequestMappingHandlerAdapter [534] - Looking for @ControllerAdvice: org.springframework.boot.context.embedded.AnnotationConfigEmbeddedWebApplicationContext@34a97744: startup date [Thu Apr 18 20:10:52 CST 2019]; parent: org.springframework.context.annotation.AnnotationConfigApplicationContext@4c60d6e9
[ INFO ] [2019-04-18 20:11:06] org.springframework.web.servlet.mvc.method.annotation.RequestMappingHandlerMapping [543] - Mapped "{[/products],methods=[GET]}" onto public java.util.List<com.iiit.train.springcloud.product.entity.Product> com.iiit.train.springcloud.product.api.ProductEndpoint.list()
[ INFO ] [2019-04-18 20:11:06] org.springframework.web.servlet.mvc.method.annotation.RequestMappingHandlerMapping [543] - Mapped "{[/products/{id}/comments],methods=[GET]}" onto public java.util.List<com.iiit.train.springcloud.product.api.ProductCommentDto> com.iiit.train.springcloud.product.api.ProductEndpoint.comments(java.lang.Long)
[ INFO ] [2019-04-18 20:11:06] org.springframework.web.servlet.mvc.method.annotation.RequestMappingHandlerMapping [543] - Mapped "{[/products/{id}],methods=[GET]}" onto public com.iiit.train.springcloud.product.entity.Product com.iiit.train.springcloud.product.api.ProductEndpoint.detail(java.lang.Long)
[ INFO ] [2019-04-18 20:11:06] org.springframework.web.servlet.mvc.method.annotation.RequestMappingHandlerMapping [543] - Mapped "{[/error]}" onto public org.springframework.http.ResponseEntity<java.util.Map<java.lang.String, java.lang.Object>> org.springframework.boot.autoconfigure.web.BasicErrorController.error(javax.servlet.http.HttpServletRequest)
[ INFO ] [2019-04-18 20:11:06] org.springframework.web.servlet.mvc.method.annotation.RequestMappingHandlerMapping [543] - Mapped "{[/error],produces=[text/html]}" onto public org.springframework.web.servlet.ModelAndView org.springframework.boot.autoconfigure.web.BasicErrorController.errorHtml(javax.servlet.http.HttpServletRequest,javax.servlet.http.HttpServletResponse)
[ INFO ] [2019-04-18 20:11:06] org.springframework.web.servlet.handler.SimpleUrlHandlerMapping [362] - Mapped URL path [/webjars/**] onto handler of type [class org.springframework.web.servlet.resource.ResourceHttpRequestHandler]
[ INFO ] [2019-04-18 20:11:06] org.springframework.web.servlet.handler.SimpleUrlHandlerMapping [362] - Mapped URL path [/**] onto handler of type [class org.springframework.web.servlet.resource.ResourceHttpRequestHandler]
[ INFO ] [2019-04-18 20:11:06] org.springframework.web.servlet.handler.SimpleUrlHandlerMapping [362] - Mapped URL path [/**/favicon.ico] onto handler of type [class org.springframework.web.servlet.resource.ResourceHttpRequestHandler]
[ INFO ] [2019-04-18 20:11:08] org.springframework.scheduling.concurrent.ThreadPoolTaskScheduler [165] - Initializing ExecutorService 
[ INFO ] [2019-04-18 20:11:09] org.springframework.jmx.export.annotation.AnnotationMBeanExporter [431] - Registering beans for JMX exposure on startup
[ INFO ] [2019-04-18 20:11:09] org.springframework.jmx.export.annotation.AnnotationMBeanExporter [916] - Bean with name 'environmentManager' has been autodetected for JMX exposure
[ INFO ] [2019-04-18 20:11:09] org.springframework.jmx.export.annotation.AnnotationMBeanExporter [916] - Bean with name 'configurationPropertiesRebinder' has been autodetected for JMX exposure
[ INFO ] [2019-04-18 20:11:09] org.springframework.jmx.export.annotation.AnnotationMBeanExporter [916] - Bean with name 'refreshScope' has been autodetected for JMX exposure
[ INFO ] [2019-04-18 20:11:09] org.springframework.jmx.export.annotation.AnnotationMBeanExporter [678] - Located managed bean 'environmentManager': registering with JMX server as MBean [org.springframework.cloud.context.environment:name=environmentManager,type=EnvironmentManager]
[ INFO ] [2019-04-18 20:11:09] org.springframework.jmx.export.annotation.AnnotationMBeanExporter [678] - Located managed bean 'refreshScope': registering with JMX server as MBean [org.springframework.cloud.context.scope.refresh:name=refreshScope,type=RefreshScope]
[ INFO ] [2019-04-18 20:11:09] org.springframework.jmx.export.annotation.AnnotationMBeanExporter [678] - Located managed bean 'configurationPropertiesRebinder': registering with JMX server as MBean [org.springframework.cloud.context.properties:name=configurationPropertiesRebinder,context=34a97744,type=ConfigurationPropertiesRebinder]
[ INFO ] [2019-04-18 20:11:09] org.springframework.context.support.DefaultLifecycleProcessor [343] - Starting beans in phase 0
[ INFO ] [2019-04-18 20:11:09] org.springframework.cloud.netflix.eureka.InstanceInfoFactory [70] - Setting initial instance status as: STARTING
[ INFO ] [2019-04-18 20:11:09] com.netflix.discovery.DiscoveryClient [344] - Initializing Eureka in region us-east-1
[ INFO ] [2019-04-18 20:11:09] com.netflix.discovery.provider.DiscoveryJerseyProvider [70] - Using JSON encoding codec LegacyJacksonJson
[ INFO ] [2019-04-18 20:11:09] com.netflix.discovery.provider.DiscoveryJerseyProvider [71] - Using JSON decoding codec LegacyJacksonJson
[ INFO ] [2019-04-18 20:11:09] com.netflix.discovery.provider.DiscoveryJerseyProvider [80] - Using XML encoding codec XStreamXml
[ INFO ] [2019-04-18 20:11:09] com.netflix.discovery.provider.DiscoveryJerseyProvider [81] - Using XML decoding codec XStreamXml
[ INFO ] [2019-04-18 20:11:10] com.netflix.discovery.shared.resolver.aws.ConfigClusterResolver [43] - Resolving eureka endpoints via configuration
[ INFO ] [2019-04-18 20:11:10] com.netflix.discovery.DiscoveryClient [920] - Disable delta property : false
[ INFO ] [2019-04-18 20:11:10] com.netflix.discovery.DiscoveryClient [921] - Single vip registry refresh property : null
[ INFO ] [2019-04-18 20:11:10] com.netflix.discovery.DiscoveryClient [922] - Force full registry fetch : false
[ INFO ] [2019-04-18 20:11:10] com.netflix.discovery.DiscoveryClient [923] - Application is null : false
[ INFO ] [2019-04-18 20:11:10] com.netflix.discovery.DiscoveryClient [924] - Registered Applications size is zero : true
[ INFO ] [2019-04-18 20:11:10] com.netflix.discovery.DiscoveryClient [926] - Application version is -1: true
[ INFO ] [2019-04-18 20:11:10] com.netflix.discovery.DiscoveryClient [1009] - Getting all instance registry info from the eureka server
[ INFO ] [2019-04-18 20:11:11] com.netflix.discovery.DiscoveryClient [1018] - The response status is 200
[ INFO ] [2019-04-18 20:11:11] com.netflix.discovery.DiscoveryClient [1244] - Starting heartbeat executor: renew interval is: 30
[ INFO ] [2019-04-18 20:11:11] com.netflix.discovery.InstanceInfoReplicator [59] - InstanceInfoReplicator onDemand update allowed rate per min is 4
[ INFO ] [2019-04-18 20:11:11] com.netflix.discovery.DiscoveryClient [425] - Discovery Client initialized at timestamp 1555589471278 with initial instances count: 3
[ INFO ] [2019-04-18 20:11:11] org.springframework.cloud.netflix.eureka.serviceregistry.EurekaServiceRegistry [40] - Registering application productservice with eureka with status UP
[ INFO ] [2019-04-18 20:11:11] com.netflix.discovery.DiscoveryClient [1279] - Saw local status change event StatusChangeEvent [timestamp=1555589471448, current=UP, previous=STARTING]
[ INFO ] [2019-04-18 20:11:11] com.netflix.discovery.DiscoveryClient [795] - DiscoveryClient_PRODUCTSERVICE/reng-notes:productservice:2200: registering service...
[ INFO ] [2019-04-18 20:11:11] com.netflix.discovery.DiscoveryClient [804] - DiscoveryClient_PRODUCTSERVICE/reng-notes:productservice:2200 - registration status: 204
[ INFO ] [2019-04-18 20:11:11] org.springframework.boot.context.embedded.tomcat.TomcatEmbeddedServletContainer [198] - Tomcat started on port(s): 2200 (http)
[ INFO ] [2019-04-18 20:11:11] org.springframework.cloud.netflix.eureka.serviceregistry.EurekaAutoServiceRegistration [117] - Updating port to 2200
[ INFO ] [2019-04-18 20:11:11] com.iiit.train.springcloud.Application [57] - Started Application in 26.587 seconds (JVM running for 28.817)
[ DEBUG] [2019-04-18 20:11:45] org.springframework.web.servlet.DispatcherServlet [118] - Initializing servlet 'dispatcherServlet'
[ INFO ] [2019-04-18 20:11:45] org.apache.catalina.core.ContainerBase.[Tomcat].[localhost].[/] [179] - Initializing Spring FrameworkServlet 'dispatcherServlet'
[ INFO ] [2019-04-18 20:11:45] org.springframework.web.servlet.DispatcherServlet [489] - FrameworkServlet 'dispatcherServlet': initialization started
[ DEBUG] [2019-04-18 20:11:45] org.springframework.web.servlet.DispatcherServlet [504] - Using MultipartResolver [org.springframework.web.multipart.support.StandardServletMultipartResolver@57e35236]
[ DEBUG] [2019-04-18 20:11:45] org.springframework.web.servlet.DispatcherServlet [533] - Unable to locate LocaleResolver with name 'localeResolver': using default [org.springframework.web.servlet.i18n.AcceptHeaderLocaleResolver@2af4c0a7]
[ DEBUG] [2019-04-18 20:11:45] org.springframework.web.servlet.DispatcherServlet [555] - Unable to locate ThemeResolver with name 'themeResolver': using default [org.springframework.web.servlet.theme.FixedThemeResolver@6d4963a3]
[ DEBUG] [2019-04-18 20:11:45] org.springframework.web.servlet.DispatcherServlet [692] - Unable to locate RequestToViewNameTranslator with name 'viewNameTranslator': using default [org.springframework.web.servlet.view.DefaultRequestToViewNameTranslator@52a85ae0]
[ DEBUG] [2019-04-18 20:11:45] org.springframework.web.servlet.DispatcherServlet [753] - Unable to locate FlashMapManager with name 'flashMapManager': using default [org.springframework.web.servlet.support.SessionFlashMapManager@4a07ee34]
[ DEBUG] [2019-04-18 20:11:45] org.springframework.web.servlet.DispatcherServlet [568] - Published WebApplicationContext of servlet 'dispatcherServlet' as ServletContext attribute with name [org.springframework.web.servlet.FrameworkServlet.CONTEXT.dispatcherServlet]
[ INFO ] [2019-04-18 20:11:45] org.springframework.web.servlet.DispatcherServlet [508] - FrameworkServlet 'dispatcherServlet': initialization completed in 77 ms
[ DEBUG] [2019-04-18 20:11:45] org.springframework.web.servlet.DispatcherServlet [141] - Servlet 'dispatcherServlet' configured successfully
[ DEBUG] [2019-04-18 20:11:45] org.springframework.web.servlet.DispatcherServlet [865] - DispatcherServlet with name 'dispatcherServlet' processing GET request for [/products/]
[ DEBUG] [2019-04-18 20:11:45] org.springframework.web.servlet.DispatcherServlet [951] - Last-Modified value for [/products/] is: -1
[ INFO ] [2019-04-18 20:11:45] org.hibernate.hql.internal.QueryTranslatorFactoryInitiator [47] - HHH000397: Using ASTQueryTranslatorFactory
[ DEBUG] [2019-04-18 20:11:46] org.springframework.web.servlet.DispatcherServlet [1044] - Null ModelAndView returned to DispatcherServlet with name 'dispatcherServlet': assuming HandlerAdapter completed request handling
[ DEBUG] [2019-04-18 20:11:46] org.springframework.web.servlet.DispatcherServlet [1000] - Successfully completed request
[ DEBUG] [2019-04-18 20:11:49] org.springframework.web.servlet.DispatcherServlet [865] - DispatcherServlet with name 'dispatcherServlet' processing GET request for [/products/3]
[ DEBUG] [2019-04-18 20:11:49] org.springframework.web.servlet.DispatcherServlet [951] - Last-Modified value for [/products/3] is: -1
[ DEBUG] [2019-04-18 20:11:49] org.springframework.web.servlet.DispatcherServlet [1044] - Null ModelAndView returned to DispatcherServlet with name 'dispatcherServlet': assuming HandlerAdapter completed request handling
[ DEBUG] [2019-04-18 20:11:49] org.springframework.web.servlet.DispatcherServlet [1000] - Successfully completed request
[ DEBUG] [2019-04-18 20:11:55] org.springframework.web.servlet.DispatcherServlet [865] - DispatcherServlet with name 'dispatcherServlet' processing GET request for [/products/3/comments]
[ DEBUG] [2019-04-18 20:11:55] org.springframework.web.servlet.DispatcherServlet [951] - Last-Modified value for [/products/3/comments] is: -1
[ INFO ] [2019-04-18 20:11:56] org.springframework.context.annotation.AnnotationConfigApplicationContext [582] - Refreshing org.springframework.context.annotation.AnnotationConfigApplicationContext@306531e8: startup date [Thu Apr 18 20:11:56 CST 2019]; parent: org.springframework.boot.context.embedded.AnnotationConfigEmbeddedWebApplicationContext@34a97744
[ INFO ] [2019-04-18 20:11:56] org.springframework.beans.factory.annotation.AutowiredAnnotationBeanPostProcessor [155] - JSR-330 'javax.inject.Inject' annotation found and supported for autowiring
[ INFO ] [2019-04-18 20:11:56] com.netflix.config.ChainedDynamicProperty [115] - Flipping property: USERSERVICE.ribbon.ActiveConnectionsLimit to use NEXT property: niws.loadbalancer.availabilityFilteringRule.activeConnectionsLimit = 2147483647
[ INFO ] [2019-04-18 20:11:56] com.netflix.util.concurrent.ShutdownEnabledTimer [58] - Shutdown hook installed for: NFLoadBalancer-PingTimer-USERSERVICE
[ INFO ] [2019-04-18 20:11:56] com.netflix.loadbalancer.BaseLoadBalancer [192] - Client: USERSERVICE instantiated a LoadBalancer: DynamicServerListLoadBalancer:{NFLoadBalancer:name=USERSERVICE,current list of Servers=[],Load balancer stats=Zone stats: {},Server stats: []}ServerList:null
[ INFO ] [2019-04-18 20:11:56] com.netflix.loadbalancer.DynamicServerListLoadBalancer [214] - Using serverListUpdater PollingServerListUpdater
[ INFO ] [2019-04-18 20:11:56] com.netflix.config.ChainedDynamicProperty [115] - Flipping property: USERSERVICE.ribbon.ActiveConnectionsLimit to use NEXT property: niws.loadbalancer.availabilityFilteringRule.activeConnectionsLimit = 2147483647
[ INFO ] [2019-04-18 20:11:56] com.netflix.loadbalancer.DynamicServerListLoadBalancer [150] - DynamicServerListLoadBalancer for client USERSERVICE initialized: DynamicServerListLoadBalancer:{NFLoadBalancer:name=USERSERVICE,current list of Servers=[reng-notes:2100],Load balancer stats=Zone stats: {defaultzone=[Zone:defaultzone;	Instance count:1;	Active connections count: 0;	Circuit breaker tripped count: 0;	Active connections per server: 0.0;]
},Server stats: [[Server:reng-notes:2100;	Zone:defaultZone;	Total Requests:0;	Successive connection failure:0;	Total blackout seconds:0;	Last connection made:Thu Jan 01 08:00:00 CST 1970;	First connection made: Thu Jan 01 08:00:00 CST 1970;	Active Connections:0;	total failure count in last (1000) msecs:0;	average resp time:0.0;	90 percentile resp time:0.0;	95 percentile resp time:0.0;	min resp time:0.0;	max resp time:0.0;	stddev resp time:0.0]
]}ServerList:org.springframework.cloud.netflix.ribbon.eureka.DomainExtractingServerList@481a37bc
[ DEBUG] [2019-04-18 20:11:57] org.springframework.web.servlet.DispatcherServlet [1044] - Null ModelAndView returned to DispatcherServlet with name 'dispatcherServlet': assuming HandlerAdapter completed request handling
[ DEBUG] [2019-04-18 20:11:57] org.springframework.web.servlet.DispatcherServlet [1000] - Successfully completed request
[ INFO ] [2019-04-18 20:11:57] com.netflix.config.ChainedDynamicProperty [115] - Flipping property: USERSERVICE.ribbon.ActiveConnectionsLimit to use NEXT property: niws.loadbalancer.availabilityFilteringRule.activeConnectionsLimit = 2147483647
